2024-02-10 21:03:21,908 - INFO - observation_space
2024-02-10 21:03:21,908 - INFO - Box([-4.8000002e+00 -3.4028235e+38 -4.1887903e-01 -3.4028235e+38], [4.8000002e+00 3.4028235e+38 4.1887903e-01 3.4028235e+38], (4,), float32)
2024-02-10 21:03:21,908 - INFO - action_space
2024-02-10 21:03:21,908 - INFO - Discrete(2)
2024-02-10 21:03:26,890 - INFO - Tuples saved to ./data/sampled_tuples/sampled_tuples.pkl
2024-02-10 21:03:26,890 - INFO - Summary Statistics:
2024-02-10 21:03:26,890 - INFO - Average Reward: 22.1833
2024-02-10 21:03:26,892 - INFO - Total Episodes: 10000
2024-02-10 21:03:26,892 - INFO - Total Dones: 10000
2024-02-10 21:03:26,892 - INFO - Reward Distribution: {0: 0, 1: 221833}
2024-02-10 22:02:14,231 - INFO - Tuples saved to ./data/simulated_tuples/simulated_tuples.pkl
2024-02-10 22:03:16,786 - INFO - Tuples saved to ./data/simulated_tuples/simulated_tuples.pkl
2024-02-10 22:04:39,092 - INFO - Tuples saved to ./data/simulated_tuples/simulated_tuples.pkl
2024-02-10 22:04:44,266 - INFO - Summary Statistics for Simulated Environment:
2024-02-10 22:04:44,281 - INFO - Average Reward: 1.0
2024-02-10 22:04:44,296 - INFO - Total Steps: 2
2024-02-10 22:04:44,312 - INFO - Total Dones: 1
2024-02-10 22:04:44,328 - INFO - Reward Distribution: {0.0: 0, 1.0: 2}
2024-02-10 22:18:36,964 - INFO - Tuples saved to ./data/simulated_tuples/simulated_tuples.pkl
2024-02-10 22:18:36,964 - INFO - Summary Statistics for Simulated Environment:
2024-02-10 22:18:36,966 - INFO - Average Reward: 1.0
2024-02-10 22:18:36,966 - INFO - Total Steps: 9
2024-02-10 22:18:36,966 - INFO - Total Dones: 1
2024-02-10 22:18:36,966 - INFO - Reward Distribution: {0.0: 0, 1.0: 9}
2024-02-10 22:20:18,641 - INFO - Tuples saved to ./data/simulated_tuples/simulated_tuples.pkl
2024-02-10 22:20:18,643 - INFO - Summary Statistics for Simulated Environment:
2024-02-10 22:20:18,644 - INFO - Average Reward: 0.75
2024-02-10 22:20:18,644 - INFO - Total Steps: 4
2024-02-10 22:20:18,644 - INFO - Total Dones: 1
2024-02-10 22:20:18,644 - INFO - Reward Distribution: {0.0: 1, 1.0: 3}
2024-02-10 22:25:55,715 - INFO - Tuples saved to ./data/simulated_tuples/simulated_tuples.pkl
2024-02-10 22:39:34,284 - INFO - Tuples saved to ./data/simulated_tuples/simulated_tuples.pkl
2024-02-10 22:39:34,284 - INFO - Summary Statistics for Simulated Environment:
2024-02-10 22:39:34,284 - INFO - Average Reward: 0.9
2024-02-10 22:39:34,284 - INFO - Total Steps: 10
2024-02-10 22:39:34,284 - INFO - Total Dones: 1
2024-02-10 22:39:34,284 - INFO - Reward Distribution: {0.0: 1, 1.0: 9}
2024-02-10 22:40:49,124 - INFO - Summary Statistics for Simulated Environment:
2024-02-10 22:40:53,543 - INFO - Average Reward: 0.9
2024-02-10 22:40:54,482 - INFO - Total Steps: 10
2024-02-10 22:40:55,230 - INFO - Total Dones: 1
2024-02-10 22:40:55,649 - INFO - Reward Distribution: {0.0: 1, 1.0: 9}
2024-02-10 22:41:37,738 - INFO - Tuples saved to ./data/simulated_tuples/simulated_tuples.pkl
2024-02-10 22:41:37,738 - INFO - Summary Statistics for Simulated Environment:
2024-02-10 22:41:37,738 - INFO - Average Reward: 0.75
2024-02-10 22:41:37,738 - INFO - Total Steps: 4
2024-02-10 22:41:37,738 - INFO - Total Dones: 1
2024-02-10 22:41:37,739 - INFO - Reward Distribution: {0.0: 1, 1.0: 3}
