2024-03-16 12:55:05,270 - INFO - Environment: FrozenLake-v1
2024-03-16 12:55:05,270 - INFO - Observation Space: Discrete(16)
2024-03-16 12:55:05,271 - INFO - Action Space: Discrete(4)
2024-03-16 12:55:06,043 - INFO - Total Episodes: 10000
2024-03-16 12:55:06,043 - INFO - Total Dones: 10000
2024-03-16 12:55:06,043 - INFO - Mean Reward: 0.00
2024-03-16 12:55:06,043 - INFO - Action Distribution: {0: 19152, 1: 19424, 2: 19156, 3: 19083}
2024-03-16 12:55:06,043 - INFO - Reward Distribution: {0.0: 76665, 1.0: 150}
2024-03-16 12:55:06,043 - INFO - State-Action: (0, 0)
2024-03-16 12:55:06,044 - INFO -   Next_states Distribution: {0: 5386, 4: 2711}
2024-03-16 12:55:06,044 - INFO -   Rewards Distribution: {0.0: 8097}
2024-03-16 12:55:06,044 - INFO -   Dones Distribution: True - 0, False - 8097
2024-03-16 12:55:06,044 - INFO - State-Action: (0, 1)
2024-03-16 12:55:06,045 - INFO -   Next_states Distribution: {0: 2760, 1: 2738, 4: 2732}
2024-03-16 12:55:06,045 - INFO -   Rewards Distribution: {0.0: 8230}
2024-03-16 12:55:06,045 - INFO -   Dones Distribution: True - 0, False - 8230
2024-03-16 12:55:06,045 - INFO - State-Action: (0, 3)
2024-03-16 12:55:06,045 - INFO -   Next_states Distribution: {0: 5470, 1: 2673}
2024-03-16 12:55:06,046 - INFO -   Rewards Distribution: {0.0: 8143}
2024-03-16 12:55:06,046 - INFO -   Dones Distribution: True - 0, False - 8143
2024-03-16 12:55:06,046 - INFO - State-Action: (0, 2)
2024-03-16 12:55:06,046 - INFO -   Next_states Distribution: {0: 2674, 1: 2712, 4: 2772}
2024-03-16 12:55:06,046 - INFO -   Rewards Distribution: {0.0: 8158}
2024-03-16 12:55:06,046 - INFO -   Dones Distribution: True - 0, False - 8158
2024-03-16 12:55:06,046 - INFO - State-Action: (1, 0)
2024-03-16 12:55:06,048 - INFO -   Next_states Distribution: {0: 1013, 1: 1052, 5: 1036}
2024-03-16 12:55:06,048 - INFO -   Rewards Distribution: {0.0: 3101}
2024-03-16 12:55:06,048 - INFO -   Dones Distribution: True - 1036, False - 2065
2024-03-16 12:55:06,048 - INFO - State-Action: (1, 2)
2024-03-16 12:55:06,048 - INFO -   Next_states Distribution: {1: 1034, 2: 1031, 5: 1051}
2024-03-16 12:55:06,048 - INFO -   Rewards Distribution: {0.0: 3116}
2024-03-16 12:55:06,048 - INFO -   Dones Distribution: True - 1051, False - 2065
2024-03-16 12:55:06,048 - INFO - State-Action: (2, 3)
2024-03-16 12:55:06,049 - INFO -   Next_states Distribution: {1: 486, 2: 489, 3: 479}
2024-03-16 12:55:06,049 - INFO -   Rewards Distribution: {0.0: 1454}
2024-03-16 12:55:06,049 - INFO -   Dones Distribution: True - 0, False - 1454
2024-03-16 12:55:06,049 - INFO - State-Action: (3, 2)
2024-03-16 12:55:06,049 - INFO -   Next_states Distribution: {3: 487, 7: 223}
2024-03-16 12:55:06,049 - INFO -   Rewards Distribution: {0.0: 710}
2024-03-16 12:55:06,049 - INFO -   Dones Distribution: True - 223, False - 487
2024-03-16 12:55:06,049 - INFO - State-Action: (3, 3)
2024-03-16 12:55:06,049 - INFO -   Next_states Distribution: {2: 225, 3: 502}
2024-03-16 12:55:06,049 - INFO -   Rewards Distribution: {0.0: 727}
2024-03-16 12:55:06,049 - INFO -   Dones Distribution: True - 0, False - 727
2024-03-16 12:55:06,049 - INFO - State-Action: (2, 2)
2024-03-16 12:55:06,049 - INFO -   Next_states Distribution: {2: 479, 3: 461, 6: 463}
2024-03-16 12:55:06,049 - INFO -   Rewards Distribution: {0.0: 1403}
2024-03-16 12:55:06,049 - INFO -   Dones Distribution: True - 0, False - 1403
2024-03-16 12:55:06,049 - INFO - State-Action: (3, 1)
2024-03-16 12:55:06,049 - INFO -   Next_states Distribution: {2: 236, 3: 223, 7: 226}
2024-03-16 12:55:06,049 - INFO -   Rewards Distribution: {0.0: 685}
2024-03-16 12:55:06,049 - INFO -   Dones Distribution: True - 226, False - 459
2024-03-16 12:55:06,049 - INFO - State-Action: (1, 1)
2024-03-16 12:55:06,050 - INFO -   Next_states Distribution: {0: 1137, 2: 1105, 5: 1106}
2024-03-16 12:55:06,050 - INFO -   Rewards Distribution: {0.0: 3348}
2024-03-16 12:55:06,050 - INFO -   Dones Distribution: True - 1106, False - 2242
2024-03-16 12:55:06,050 - INFO - State-Action: (4, 1)
2024-03-16 12:55:06,050 - INFO -   Next_states Distribution: {4: 1040, 5: 996, 8: 1028}
2024-03-16 12:55:06,050 - INFO -   Rewards Distribution: {0.0: 3064}
2024-03-16 12:55:06,050 - INFO -   Dones Distribution: True - 996, False - 2068
2024-03-16 12:55:06,050 - INFO - State-Action: (4, 0)
2024-03-16 12:55:06,050 - INFO -   Next_states Distribution: {0: 1015, 4: 1084, 8: 1051}
2024-03-16 12:55:06,050 - INFO -   Rewards Distribution: {0.0: 3150}
2024-03-16 12:55:06,050 - INFO -   Dones Distribution: True - 0, False - 3150
2024-03-16 12:55:06,050 - INFO - State-Action: (8, 2)
2024-03-16 12:55:06,050 - INFO -   Next_states Distribution: {4: 399, 9: 374, 12: 415}
2024-03-16 12:55:06,050 - INFO -   Rewards Distribution: {0.0: 1188}
2024-03-16 12:55:06,050 - INFO -   Dones Distribution: True - 415, False - 773
2024-03-16 12:55:06,050 - INFO - State-Action: (4, 3)
2024-03-16 12:55:06,051 - INFO -   Next_states Distribution: {0: 1055, 4: 1011, 5: 1012}
2024-03-16 12:55:06,051 - INFO -   Rewards Distribution: {0.0: 3078}
2024-03-16 12:55:06,051 - INFO -   Dones Distribution: True - 1012, False - 2066
2024-03-16 12:55:06,051 - INFO - State-Action: (2, 1)
2024-03-16 12:55:06,051 - INFO -   Next_states Distribution: {1: 515, 3: 467, 6: 472}
2024-03-16 12:55:06,051 - INFO -   Rewards Distribution: {0.0: 1454}
2024-03-16 12:55:06,051 - INFO -   Dones Distribution: True - 0, False - 1454
2024-03-16 12:55:06,051 - INFO - State-Action: (6, 2)
2024-03-16 12:55:06,051 - INFO -   Next_states Distribution: {2: 130, 7: 145, 10: 156}
2024-03-16 12:55:06,051 - INFO -   Rewards Distribution: {0.0: 431}
2024-03-16 12:55:06,051 - INFO -   Dones Distribution: True - 145, False - 286
2024-03-16 12:55:06,051 - INFO - State-Action: (3, 0)
2024-03-16 12:55:06,051 - INFO -   Next_states Distribution: {2: 244, 3: 248, 7: 253}
2024-03-16 12:55:06,051 - INFO -   Rewards Distribution: {0.0: 745}
2024-03-16 12:55:06,051 - INFO -   Dones Distribution: True - 253, False - 492
2024-03-16 12:55:06,051 - INFO - State-Action: (6, 1)
2024-03-16 12:55:06,052 - INFO -   Next_states Distribution: {5: 143, 7: 148, 10: 162}
2024-03-16 12:55:06,052 - INFO -   Rewards Distribution: {0.0: 453}
2024-03-16 12:55:06,052 - INFO -   Dones Distribution: True - 291, False - 162
2024-03-16 12:55:06,052 - INFO - State-Action: (10, 1)
2024-03-16 12:55:06,052 - INFO -   Next_states Distribution: {9: 64, 11: 86, 14: 79}
2024-03-16 12:55:06,052 - INFO -   Rewards Distribution: {0.0: 229}
2024-03-16 12:55:06,052 - INFO -   Dones Distribution: True - 86, False - 143
2024-03-16 12:55:06,052 - INFO - State-Action: (14, 1)
2024-03-16 12:55:06,052 - INFO -   Next_states Distribution: {13: 46, 14: 50, 15: 60}
2024-03-16 12:55:06,052 - INFO -   Rewards Distribution: {0.0: 96, 1.0: 60}
2024-03-16 12:55:06,052 - INFO -   Dones Distribution: True - 60, False - 96
2024-03-16 12:55:06,052 - INFO - State-Action: (4, 2)
2024-03-16 12:55:06,052 - INFO -   Next_states Distribution: {0: 1044, 5: 1075, 8: 1091}
2024-03-16 12:55:06,052 - INFO -   Rewards Distribution: {0.0: 3210}
2024-03-16 12:55:06,052 - INFO -   Dones Distribution: True - 1075, False - 2135
2024-03-16 12:55:06,052 - INFO - State-Action: (8, 1)
2024-03-16 12:55:06,053 - INFO -   Next_states Distribution: {8: 416, 9: 414, 12: 386}
2024-03-16 12:55:06,053 - INFO -   Rewards Distribution: {0.0: 1216}
2024-03-16 12:55:06,053 - INFO -   Dones Distribution: True - 386, False - 830
2024-03-16 12:55:06,053 - INFO - State-Action: (1, 3)
2024-03-16 12:55:06,053 - INFO -   Next_states Distribution: {0: 1074, 1: 1007, 2: 1053}
2024-03-16 12:55:06,053 - INFO -   Rewards Distribution: {0.0: 3134}
2024-03-16 12:55:06,053 - INFO -   Dones Distribution: True - 0, False - 3134
2024-03-16 12:55:06,053 - INFO - State-Action: (2, 0)
2024-03-16 12:55:06,053 - INFO -   Next_states Distribution: {1: 482, 2: 484, 6: 507}
2024-03-16 12:55:06,053 - INFO -   Rewards Distribution: {0.0: 1473}
2024-03-16 12:55:06,053 - INFO -   Dones Distribution: True - 0, False - 1473
2024-03-16 12:55:06,053 - INFO - State-Action: (8, 3)
2024-03-16 12:55:06,053 - INFO -   Next_states Distribution: {4: 389, 8: 372, 9: 391}
2024-03-16 12:55:06,053 - INFO -   Rewards Distribution: {0.0: 1152}
2024-03-16 12:55:06,053 - INFO -   Dones Distribution: True - 0, False - 1152
2024-03-16 12:55:06,053 - INFO - State-Action: (6, 3)
2024-03-16 12:55:06,054 - INFO -   Next_states Distribution: {2: 152, 5: 132, 7: 136}
2024-03-16 12:55:06,054 - INFO -   Rewards Distribution: {0.0: 420}
2024-03-16 12:55:06,054 - INFO -   Dones Distribution: True - 268, False - 152
2024-03-16 12:55:06,054 - INFO - State-Action: (8, 0)
2024-03-16 12:55:06,054 - INFO -   Next_states Distribution: {4: 364, 8: 411, 12: 449}
2024-03-16 12:55:06,054 - INFO -   Rewards Distribution: {0.0: 1224}
2024-03-16 12:55:06,054 - INFO -   Dones Distribution: True - 449, False - 775
2024-03-16 12:55:06,054 - INFO - State-Action: (6, 0)
2024-03-16 12:55:06,054 - INFO -   Next_states Distribution: {2: 156, 5: 139, 10: 115}
2024-03-16 12:55:06,054 - INFO -   Rewards Distribution: {0.0: 410}
2024-03-16 12:55:06,054 - INFO -   Dones Distribution: True - 139, False - 271
2024-03-16 12:55:06,054 - INFO - State-Action: (9, 0)
2024-03-16 12:55:06,054 - INFO -   Next_states Distribution: {5: 118, 8: 129, 13: 143}
2024-03-16 12:55:06,054 - INFO -   Rewards Distribution: {0.0: 390}
2024-03-16 12:55:06,054 - INFO -   Dones Distribution: True - 118, False - 272
2024-03-16 12:55:06,054 - INFO - State-Action: (9, 2)
2024-03-16 12:55:06,054 - INFO -   Next_states Distribution: {5: 129, 10: 134, 13: 137}
2024-03-16 12:55:06,054 - INFO -   Rewards Distribution: {0.0: 400}
2024-03-16 12:55:06,054 - INFO -   Dones Distribution: True - 129, False - 271
2024-03-16 12:55:06,054 - INFO - State-Action: (9, 1)
2024-03-16 12:55:06,054 - INFO -   Next_states Distribution: {8: 135, 10: 115, 13: 144}
2024-03-16 12:55:06,054 - INFO -   Rewards Distribution: {0.0: 394}
2024-03-16 12:55:06,054 - INFO -   Dones Distribution: True - 0, False - 394
2024-03-16 12:55:06,054 - INFO - State-Action: (13, 1)
2024-03-16 12:55:06,055 - INFO -   Next_states Distribution: {12: 53, 13: 74, 14: 68}
2024-03-16 12:55:06,055 - INFO -   Rewards Distribution: {0.0: 195}
2024-03-16 12:55:06,055 - INFO -   Dones Distribution: True - 53, False - 142
2024-03-16 12:55:06,055 - INFO - State-Action: (14, 3)
2024-03-16 12:55:06,055 - INFO -   Next_states Distribution: {10: 54, 13: 37, 15: 46}
2024-03-16 12:55:06,055 - INFO -   Rewards Distribution: {0.0: 91, 1.0: 46}
2024-03-16 12:55:06,055 - INFO -   Dones Distribution: True - 46, False - 91
2024-03-16 12:55:06,055 - INFO - State-Action: (10, 3)
2024-03-16 12:55:06,055 - INFO -   Next_states Distribution: {6: 97, 9: 71, 11: 86}
2024-03-16 12:55:06,055 - INFO -   Rewards Distribution: {0.0: 254}
2024-03-16 12:55:06,055 - INFO -   Dones Distribution: True - 86, False - 168
2024-03-16 12:55:06,055 - INFO - State-Action: (13, 3)
2024-03-16 12:55:06,055 - INFO -   Next_states Distribution: {9: 60, 12: 57, 14: 78}
2024-03-16 12:55:06,055 - INFO -   Rewards Distribution: {0.0: 195}
2024-03-16 12:55:06,055 - INFO -   Dones Distribution: True - 57, False - 138
2024-03-16 12:55:06,055 - INFO - State-Action: (14, 0)
2024-03-16 12:55:06,055 - INFO -   Next_states Distribution: {10: 43, 13: 47, 14: 53}
2024-03-16 12:55:06,055 - INFO -   Rewards Distribution: {0.0: 143}
2024-03-16 12:55:06,055 - INFO -   Dones Distribution: True - 0, False - 143
2024-03-16 12:55:06,055 - INFO - State-Action: (13, 0)
2024-03-16 12:55:06,055 - INFO -   Next_states Distribution: {9: 63, 12: 59, 13: 48}
2024-03-16 12:55:06,055 - INFO -   Rewards Distribution: {0.0: 170}
2024-03-16 12:55:06,055 - INFO -   Dones Distribution: True - 59, False - 111
2024-03-16 12:55:06,055 - INFO - State-Action: (9, 3)
2024-03-16 12:55:06,055 - INFO -   Next_states Distribution: {5: 115, 8: 147, 10: 127}
2024-03-16 12:55:06,055 - INFO -   Rewards Distribution: {0.0: 389}
2024-03-16 12:55:06,055 - INFO -   Dones Distribution: True - 115, False - 274
2024-03-16 12:55:06,055 - INFO - State-Action: (13, 2)
2024-03-16 12:55:06,055 - INFO -   Next_states Distribution: {9: 64, 13: 59, 14: 52}
2024-03-16 12:55:06,055 - INFO -   Rewards Distribution: {0.0: 175}
2024-03-16 12:55:06,055 - INFO -   Dones Distribution: True - 0, False - 175
2024-03-16 12:55:06,056 - INFO - State-Action: (10, 2)
2024-03-16 12:55:06,056 - INFO -   Next_states Distribution: {6: 80, 11: 76, 14: 67}
2024-03-16 12:55:06,056 - INFO -   Rewards Distribution: {0.0: 223}
2024-03-16 12:55:06,056 - INFO -   Dones Distribution: True - 76, False - 147
2024-03-16 12:55:06,056 - INFO - State-Action: (10, 0)
2024-03-16 12:55:06,056 - INFO -   Next_states Distribution: {6: 95, 9: 72, 14: 82}
2024-03-16 12:55:06,056 - INFO -   Rewards Distribution: {0.0: 249}
2024-03-16 12:55:06,056 - INFO -   Dones Distribution: True - 0, False - 249
2024-03-16 12:55:06,056 - INFO - State-Action: (14, 2)
2024-03-16 12:55:06,056 - INFO -   Next_states Distribution: {10: 49, 14: 49, 15: 44}
2024-03-16 12:55:06,056 - INFO -   Rewards Distribution: {0.0: 98, 1.0: 44}
2024-03-16 12:55:06,056 - INFO -   Dones Distribution: True - 44, False - 98
2024-03-16 12:55:06,172 - INFO - Tuples saved to ./data/sampled_tuples/sampled_tuples_FrozenLake-v1.pkl
