2024-03-11 17:29:57,651 - INFO - Tuples saved to ./data/simulated_tuples/FrozenLake-v1/simulated_tuples_v4.pkl
2024-03-11 17:29:57,652 - INFO - Summary Statistics for Simulated Environment:
2024-03-11 17:29:57,652 - INFO - Average Reward: 0.002
2024-03-11 17:29:57,652 - INFO - Total Episodes: 1000
2024-03-11 17:29:57,652 - INFO - Total Dones: 1000
2024-03-11 17:29:57,652 - INFO - Reward Distribution: {0.0: 10618, 1.0: 2}
2024-03-11 17:30:28,970 - INFO - Tuples saved to ./data/simulated_tuples/FrozenLake-v1/simulated_tuples_v4.pkl
2024-03-11 17:30:28,970 - INFO - Summary Statistics for Simulated Environment:
2024-03-11 17:30:28,970 - INFO - Average Reward: 0.002
2024-03-11 17:30:28,970 - INFO - Total Episodes: 1000
2024-03-11 17:30:28,970 - INFO - Total Dones: 1000
2024-03-11 17:30:28,970 - INFO - Reward Distribution: {0.0: 10175, 1.0: 2}
2024-03-11 17:37:07,360 - INFO - Tuples saved to ./data/simulated_tuples/FrozenLake-v1/simulated_tuples_v4.pkl
2024-03-11 17:37:07,361 - INFO - Summary Statistics for Simulated Environment:
2024-03-11 17:37:07,361 - INFO - Average Reward: 0.003
2024-03-11 17:37:07,361 - INFO - Total Episodes: 1000
2024-03-11 17:37:07,361 - INFO - Total Dones: 1000
2024-03-11 17:37:07,361 - INFO - Reward Distribution: {0.0: 9142, 1.0: 3}
2024-03-11 17:49:36,591 - INFO - Tuples saved to ./data/simulated_tuples/FrozenLake-v1/simulated_tuples_v4.pkl
2024-03-11 17:49:36,592 - INFO - Summary Statistics for Simulated Environment:
2024-03-11 17:49:36,593 - INFO - Average Reward: 0.0
2024-03-11 17:49:36,593 - INFO - Total Episodes: 1000
2024-03-11 17:49:36,593 - INFO - Total Dones: 1000
2024-03-11 17:49:36,593 - INFO - Reward Distribution: {0: 9140}
2024-03-11 17:50:05,010 - INFO - Tuples saved to ./data/simulated_tuples/FrozenLake-v1/simulated_tuples_v4.pkl
2024-03-11 17:50:05,010 - INFO - Summary Statistics for Simulated Environment:
2024-03-11 17:50:05,010 - INFO - Average Reward: 0.0
2024-03-11 17:50:05,010 - INFO - Total Episodes: 1000
2024-03-11 17:50:05,010 - INFO - Total Dones: 1000
2024-03-11 17:50:05,010 - INFO - Reward Distribution: {0: 9047}
2024-03-11 17:54:37,608 - INFO - Tuples saved to ./data/simulated_tuples/FrozenLake-v1/simulated_tuples_v4.pkl
2024-03-11 17:54:37,609 - INFO - Summary Statistics for Simulated Environment:
2024-03-11 17:54:37,609 - INFO - Average Reward: 0.0
2024-03-11 17:54:37,609 - INFO - Total Episodes: 1000
2024-03-11 17:54:37,609 - INFO - Total Dones: 1000
2024-03-11 17:54:37,609 - INFO - Reward Distribution: {0: 8809}
2024-03-11 18:12:23,261 - INFO - Environment: FrozenLake-v1
2024-03-11 18:12:23,261 - INFO - Observation Space: Discrete(16)
2024-03-11 18:12:23,261 - INFO - Action Space: Discrete(4)
2024-03-11 18:12:23,873 - INFO - Total Episodes: 10000
2024-03-11 18:12:23,873 - INFO - Total Dones: 10000
2024-03-11 18:12:23,873 - INFO - Mean Reward: 0.00
2024-03-11 18:12:23,873 - INFO - Action Distribution: {0: 19060, 1: 19458, 2: 18997, 3: 19194}
2024-03-11 18:12:23,873 - INFO - Reward Distribution: {0.0: 76555, 1.0: 154}
2024-03-11 18:12:23,873 - INFO - State Distribution: {0: 32635, 1: 12406, 4: 12556, 8: 4736, 12: 1374, 5: 7066, 2: 5808, 3: 2783, 7: 1143, 9: 1652, 6: 1764, 10: 1039, 14: 584, 13: 746, 11: 263, 15: 154}
2024-03-11 18:12:23,874 - INFO - State-Action Distribution: {(0, 2): 7964, (1, 0): 3052, (0, 0): 8224, (0, 1): 8283, (4, 0): 3108, (4, 1): 3171, (8, 0): 1174, (8, 1): 1205, (0, 3): 8164, (1, 1): 3107, (4, 3): 3195, (1, 2): 3220, (2, 2): 1393, (3, 3): 693, (3, 2): 697, (3, 0): 653, (2, 0): 1415, (2, 3): 1489, (3, 1): 740, (4, 2): 3082, (1, 3): 3027, (8, 2): 1192, (9, 0): 391, (2, 1): 1511, (6, 3): 446, (6, 0): 458, (6, 1): 457, (10, 1): 256, (14, 0): 149, (13, 2): 197, (14, 1): 131, (13, 0): 169, (8, 3): 1165, (9, 1): 410, (9, 2): 432, (10, 3): 253, (13, 3): 193, (9, 3): 419, (10, 2): 263, (10, 0): 267, (13, 1): 187, (6, 2): 403, (14, 3): 150, (14, 2): 154}
2024-03-11 18:12:23,992 - INFO - Tuples saved to ./data/sampled_tuples/sampled_tuples_FrozenLake-v1.pkl
2024-03-11 18:13:57,942 - INFO - Environment: FrozenLake-v1
2024-03-11 18:13:57,943 - INFO - Observation Space: Discrete(16)
2024-03-11 18:13:57,943 - INFO - Action Space: Discrete(4)
2024-03-11 18:13:58,656 - INFO - Total Episodes: 10000
2024-03-11 18:13:58,656 - INFO - Total Dones: 10000
2024-03-11 18:13:58,656 - INFO - Mean Reward: 0.00
2024-03-11 18:13:58,656 - INFO - Action Distribution: {0: 19243, 1: 19256, 2: 18942, 3: 19184}
2024-03-11 18:13:58,656 - INFO - Reward Distribution: {0.0: 76487, 1.0: 138}
2024-03-11 18:13:58,656 - INFO - State Distribution: {0: 32784, 1: 12755, 2: 5640, 5: 7130, 4: 12524, 3: 2683, 7: 1106, 8: 4713, 9: 1594, 10: 945, 6: 1733, 14: 538, 13: 716, 12: 1404, 11: 222, 15: 138}
2024-03-11 18:13:58,656 - INFO - State-Action Distribution: {(0, 3): 8211, (0, 2): 8129, (1, 2): 3108, (2, 3): 1430, (2, 0): 1396, (1, 1): 3100, (0, 1): 8198, (4, 2): 3183, (4, 0): 3142, (1, 3): 3230, (0, 0): 8246, (1, 0): 3317, (4, 3): 3010, (2, 2): 1343, (3, 0): 642, (3, 3): 664, (3, 2): 676, (3, 1): 701, (4, 1): 3189, (8, 2): 1174, (9, 0): 407, (9, 2): 373, (10, 3): 262, (6, 1): 434, (10, 1): 223, (14, 0): 138, (13, 3): 182, (9, 3): 413, (8, 3): 1184, (2, 1): 1471, (6, 2): 405, (6, 0): 434, (8, 1): 1238, (8, 0): 1117, (9, 1): 401, (13, 1): 177, (13, 2): 191, (14, 1): 124, (14, 3): 138, (10, 2): 222, (14, 2): 138, (13, 0): 166, (10, 0): 238, (6, 3): 460}
2024-03-11 18:13:58,792 - INFO - Tuples saved to ./data/sampled_tuples/sampled_tuples_FrozenLake-v1.pkl
2024-03-11 18:15:30,196 - INFO - Environment: FrozenLake-v1
2024-03-11 18:15:30,196 - INFO - Observation Space: Discrete(16)
2024-03-11 18:15:30,196 - INFO - Action Space: Discrete(4)
2024-03-11 18:15:31,133 - INFO - Total Episodes: 10000
2024-03-11 18:15:31,133 - INFO - Total Dones: 10000
2024-03-11 18:15:31,133 - INFO - Mean Reward: 0.00
2024-03-11 18:15:31,133 - INFO - Action Distribution: {0: 19280, 1: 19097, 2: 19495, 3: 19235}
2024-03-11 18:15:31,133 - INFO - Reward Distribution: {0.0: 76983, 1.0: 124}
2024-03-11 18:15:31,133 - INFO - State Distribution: {0: 32386, 4: 12657, 8: 4627, 9: 1603, 5: 7109, 1: 12820, 2: 5962, 3: 3083, 6: 1720, 10: 990, 12: 1304, 7: 1209, 14: 557, 13: 702, 11: 254, 15: 124}
2024-03-11 18:15:31,133 - INFO - State-Action Distribution: {(0, 3): 8018, (0, 0): 8028, (0, 1): 8206, (4, 0): 3268, (4, 3): 3107, (4, 1): 3090, (8, 0): 1140, (8, 2): 1189, (9, 3): 404, (4, 2): 3192, (0, 2): 8134, (1, 2): 3268, (2, 2): 1523, (3, 0): 752, (2, 1): 1460, (6, 1): 439, (10, 0): 251, (9, 0): 397, (8, 3): 1183, (8, 1): 1115, (1, 0): 3233, (3, 3): 779, (3, 1): 771, (9, 2): 405, (10, 1): 225, (14, 0): 142, (13, 1): 163, (13, 3): 163, (9, 1): 397, (13, 0): 189, (13, 2): 187, (14, 3): 146, (10, 2): 254, (1, 1): 3086, (1, 3): 3233, (6, 3): 416, (2, 3): 1526, (3, 2): 781, (2, 0): 1453, (10, 3): 260, (6, 0): 427, (6, 2): 438, (14, 2): 124, (14, 1): 145}
2024-03-11 18:15:31,297 - INFO - Tuples saved to ./data/sampled_tuples/sampled_tuples_FrozenLake-v1.pkl
2024-03-11 18:21:01,716 - INFO - Environment: FrozenLake-v1
2024-03-11 18:21:01,716 - INFO - Observation Space: Discrete(16)
2024-03-11 18:21:01,716 - INFO - Action Space: Discrete(4)
2024-03-11 18:21:02,405 - INFO - Total Episodes: 10000
2024-03-11 18:21:02,405 - INFO - Total Dones: 10000
2024-03-11 18:21:02,405 - INFO - Mean Reward: 0.00
2024-03-11 18:21:02,405 - INFO - Action Distribution: {0: 19081, 1: 19086, 2: 19121, 3: 19208}
2024-03-11 18:21:02,405 - INFO - Reward Distribution: {0.0: 76358, 1.0: 138}
2024-03-11 18:21:02,405 - INFO - State Distribution: {0: 32396, 4: 12321, 1: 12827, 5: 7227, 2: 5863, 3: 2915, 6: 1743, 8: 4653, 12: 1312, 7: 1116, 9: 1568, 13: 682, 10: 965, 14: 563, 11: 207, 15: 138}
2024-03-11 18:21:02,405 - INFO - State-Action Distribution: {(0, 3): 8132, (0, 0): 7983, (0, 1): 8080, (4, 3): 3083, (0, 2): 8201, (1, 3): 3184, (1, 1): 3257, (1, 0): 3198, (4, 2): 3116, (4, 0): 3081, (1, 2): 3188, (2, 0): 1442, (2, 2): 1480, (3, 2): 695, (3, 0): 765, (2, 1): 1477, (6, 0): 448, (4, 1): 3041, (8, 1): 1155, (6, 3): 446, (6, 2): 401, (8, 3): 1160, (3, 3): 740, (3, 1): 715, (2, 3): 1464, (8, 2): 1137, (9, 3): 406, (8, 0): 1201, (9, 1): 388, (13, 0): 157, (9, 2): 363, (10, 1): 234, (14, 3): 154, (10, 0): 258, (9, 0): 411, (10, 3): 266, (10, 2): 207, (6, 1): 448, (13, 2): 195, (14, 2): 138, (14, 1): 134, (14, 0): 137, (13, 1): 157, (13, 3): 173}
2024-03-11 18:21:02,526 - INFO - Tuples saved to ./data/sampled_tuples/sampled_tuples_FrozenLake-v1.pkl
