2024-02-12 00:06:54,883 - INFO - Tuples saved to ./data/simulated_tuples/simulated_tuples_CartPole-v1.pkl
2024-02-12 00:06:54,889 - INFO - Summary Statistics for Simulated Environment:
2024-02-12 00:06:54,889 - INFO - Average Reward: 7.448
2024-02-12 00:06:54,889 - INFO - Total Episodes: 1000
2024-02-12 00:06:54,890 - INFO - Total Dones: 1000
2024-02-12 00:06:54,890 - INFO - Reward Distribution: {0: 299, 1: 7448}
2024-02-12 00:08:05,954 - INFO - Tuples saved to ./data/simulated_tuples/simulated_tuples_FrozenLake-v1.pkl
2024-02-12 00:09:08,962 - INFO - Tuples saved to ./data/simulated_tuples/simulated_tuples_FrozenLake-v1.pkl
2024-02-12 00:40:51,355 - INFO - Tuples saved to ./data/simulated_tuples/simulated_tuples_FrozenLake-v1.pkl
2024-02-12 00:44:56,945 - INFO - Tuples saved to ./data/simulated_tuples/simulated_tuples_FrozenLake-v1.pkl
2024-02-12 00:44:56,952 - INFO - Summary Statistics for Simulated Environment:
2024-02-12 00:44:56,952 - INFO - Average Reward: 0.16
2024-02-12 00:44:56,952 - INFO - Total Episodes: 1000
2024-02-12 00:44:56,952 - INFO - Total Dones: 1000
2024-02-12 00:44:56,952 - INFO - Reward Distribution: {0: 8769, 1: 160}
2024-02-12 00:45:27,857 - INFO - Tuples saved to ./data/simulated_tuples/simulated_tuples_FrozenLake-v1.pkl
2024-02-12 00:46:09,565 - INFO - Tuples saved to ./data/simulated_tuples/simulated_tuples_CartPole-v1.pkl
2024-02-12 00:46:09,568 - INFO - Summary Statistics for Simulated Environment:
2024-02-12 00:46:09,568 - INFO - Average Reward: 7.286
2024-02-12 00:46:09,568 - INFO - Total Episodes: 1000
2024-02-12 00:46:09,568 - INFO - Total Dones: 1000
2024-02-12 00:46:09,568 - INFO - Reward Distribution: {0: 267, 1: 7286}
2024-02-12 00:46:36,303 - INFO - Tuples saved to ./data/simulated_tuples/simulated_tuples_CartPole-v1.pkl
