2024-03-23 21:48:27,031 - INFO - Tuples saved to ./data/simulated_tuples/FrozenLake-v1/simulated_tuples_v1.pkl
2024-03-23 21:48:27,031 - INFO - Summary Statistics for Simulated Environment:
2024-03-23 21:48:27,031 - INFO - Average Reward: 0.003
2024-03-23 21:48:27,031 - INFO - Total Episodes: 1000
2024-03-23 21:48:27,031 - INFO - Total Dones: 1000
2024-03-23 21:48:27,031 - INFO - Reward Distribution: {0.0: 7797, 1.0: 3}
2024-03-23 21:48:27,031 - INFO - Top 100 Tuples:
2024-03-23 21:48:27,031 - INFO - 1: (0, 0, 0.0, 0, False, True)
2024-03-23 21:48:27,031 - INFO - 2: (0, 0, 0.0, 1, False, False)
2024-03-23 21:48:27,032 - INFO - 3: (1, 3, 0.0, 2, False, False)
2024-03-23 21:48:27,032 - INFO - 4: (2, 1, 0.0, 6, False, False)
2024-03-23 21:48:27,032 - INFO - 5: (6, 0, 0.0, 10, False, False)
2024-03-23 21:48:27,032 - INFO - 6: (10, 3, 0.0, 1, False, False)
2024-03-23 21:48:27,032 - INFO - 7: (1, 1, 0.0, 2, False, False)
2024-03-23 21:48:27,032 - INFO - 8: (2, 0, 0.0, 2, False, False)
2024-03-23 21:48:27,032 - INFO - 9: (2, 1, 0.0, 2, False, False)
2024-03-23 21:48:27,032 - INFO - 10: (2, 1, 0.0, 6, False, False)
2024-03-23 21:48:27,032 - INFO - 11: (6, 0, 0.0, 5, True, False)
2024-03-23 21:48:27,032 - INFO - 12: (0, 3, 0.0, 0, False, True)
2024-03-23 21:48:27,032 - INFO - 13: (0, 0, 0.0, 0, False, False)
2024-03-23 21:48:27,032 - INFO - 14: (0, 2, 0.0, 1, False, False)
2024-03-23 21:48:27,032 - INFO - 15: (1, 0, 0.0, 0, False, False)
2024-03-23 21:48:27,032 - INFO - 16: (0, 1, 0.0, 0, False, False)
2024-03-23 21:48:27,032 - INFO - 17: (0, 0, 0.0, 0, False, False)
2024-03-23 21:48:27,032 - INFO - 18: (0, 2, 0.0, 0, False, False)
2024-03-23 21:48:27,032 - INFO - 19: (0, 3, 0.0, 1, False, False)
2024-03-23 21:48:27,032 - INFO - 20: (1, 0, 0.0, 2, False, False)
2024-03-23 21:48:27,032 - INFO - 21: (2, 3, 0.0, 1, False, False)
2024-03-23 21:48:27,032 - INFO - 22: (1, 2, 0.0, 2, False, False)
2024-03-23 21:48:27,032 - INFO - 23: (2, 3, 0.0, 2, False, False)
2024-03-23 21:48:27,032 - INFO - 24: (2, 3, 0.0, 1, False, False)
2024-03-23 21:48:27,032 - INFO - 25: (1, 2, 0.0, 5, True, False)
2024-03-23 21:48:27,032 - INFO - 26: (0, 3, 0.0, 0, False, True)
2024-03-23 21:48:27,032 - INFO - 27: (0, 2, 0.0, 0, False, False)
2024-03-23 21:48:27,032 - INFO - 28: (0, 0, 0.0, 0, False, False)
2024-03-23 21:48:27,032 - INFO - 29: (0, 2, 0.0, 4, False, False)
2024-03-23 21:48:27,032 - INFO - 30: (4, 2, 0.0, 8, False, False)
2024-03-23 21:48:27,032 - INFO - 31: (8, 2, 0.0, 4, False, False)
2024-03-23 21:48:27,032 - INFO - 32: (4, 0, 0.0, 4, False, False)
2024-03-23 21:48:27,032 - INFO - 33: (4, 3, 0.0, 4, False, False)
2024-03-23 21:48:27,032 - INFO - 34: (4, 1, 0.0, 4, False, False)
2024-03-23 21:48:27,032 - INFO - 35: (4, 2, 0.0, 8, False, False)
2024-03-23 21:48:27,032 - INFO - 36: (8, 0, 0.0, 12, True, False)
2024-03-23 21:48:27,032 - INFO - 37: (0, 3, 0.0, 0, False, True)
2024-03-23 21:48:27,032 - INFO - 38: (0, 2, 0.0, 1, False, False)
2024-03-23 21:48:27,032 - INFO - 39: (1, 1, 0.0, 5, True, False)
2024-03-23 21:48:27,032 - INFO - 40: (0, 3, 0.0, 0, False, True)
2024-03-23 21:48:27,032 - INFO - 41: (0, 1, 0.0, 0, False, False)
2024-03-23 21:48:27,032 - INFO - 42: (0, 2, 0.0, 1, False, False)
2024-03-23 21:48:27,032 - INFO - 43: (1, 3, 0.0, 0, False, False)
2024-03-23 21:48:27,032 - INFO - 44: (0, 1, 0.0, 1, False, False)
2024-03-23 21:48:27,032 - INFO - 45: (1, 2, 0.0, 0, False, False)
2024-03-23 21:48:27,032 - INFO - 46: (0, 3, 0.0, 0, False, False)
2024-03-23 21:48:27,032 - INFO - 47: (0, 0, 0.0, 4, False, False)
2024-03-23 21:48:27,033 - INFO - 48: (4, 3, 0.0, 0, False, False)
2024-03-23 21:48:27,033 - INFO - 49: (0, 3, 0.0, 0, False, False)
2024-03-23 21:48:27,033 - INFO - 50: (0, 0, 0.0, 0, False, False)
2024-03-23 21:48:27,033 - INFO - 51: (0, 2, 0.0, 4, False, False)
2024-03-23 21:48:27,033 - INFO - 52: (4, 3, 0.0, 0, False, False)
2024-03-23 21:48:27,033 - INFO - 53: (0, 1, 0.0, 4, False, False)
2024-03-23 21:48:27,033 - INFO - 54: (4, 2, 0.0, 4, False, False)
2024-03-23 21:48:27,033 - INFO - 55: (4, 2, 0.0, 5, True, False)
2024-03-23 21:48:27,033 - INFO - 56: (0, 2, 0.0, 0, False, True)
2024-03-23 21:48:27,033 - INFO - 57: (0, 1, 0.0, 4, False, False)
2024-03-23 21:48:27,033 - INFO - 58: (4, 1, 0.0, 5, True, False)
2024-03-23 21:48:27,033 - INFO - 59: (0, 0, 0.0, 1, False, True)
2024-03-23 21:48:27,033 - INFO - 60: (1, 2, 0.0, 5, True, False)
2024-03-23 21:48:27,033 - INFO - 61: (0, 3, 0.0, 0, False, True)
2024-03-23 21:48:27,033 - INFO - 62: (0, 3, 0.0, 1, False, False)
2024-03-23 21:48:27,033 - INFO - 63: (1, 2, 0.0, 2, False, False)
2024-03-23 21:48:27,033 - INFO - 64: (2, 3, 0.0, 1, False, False)
2024-03-23 21:48:27,033 - INFO - 65: (1, 3, 0.0, 0, False, False)
2024-03-23 21:48:27,033 - INFO - 66: (0, 1, 0.0, 1, False, False)
2024-03-23 21:48:27,033 - INFO - 67: (1, 0, 0.0, 0, False, False)
2024-03-23 21:48:27,033 - INFO - 68: (0, 1, 0.0, 4, False, False)
2024-03-23 21:48:27,033 - INFO - 69: (4, 3, 0.0, 5, True, False)
2024-03-23 21:48:27,033 - INFO - 70: (0, 3, 0.0, 1, False, True)
2024-03-23 21:48:27,033 - INFO - 71: (1, 3, 0.0, 0, False, False)
2024-03-23 21:48:27,033 - INFO - 72: (0, 2, 0.0, 0, False, False)
2024-03-23 21:48:27,033 - INFO - 73: (0, 2, 0.0, 4, False, False)
2024-03-23 21:48:27,033 - INFO - 74: (4, 2, 0.0, 5, True, False)
2024-03-23 21:48:27,033 - INFO - 75: (0, 1, 0.0, 0, False, True)
2024-03-23 21:48:27,033 - INFO - 76: (0, 1, 0.0, 1, False, False)
2024-03-23 21:48:27,033 - INFO - 77: (1, 3, 0.0, 0, False, False)
2024-03-23 21:48:27,033 - INFO - 78: (0, 2, 0.0, 1, False, False)
2024-03-23 21:48:27,033 - INFO - 79: (1, 2, 0.0, 2, False, False)
2024-03-23 21:48:27,033 - INFO - 80: (2, 0, 0.0, 6, False, False)
2024-03-23 21:48:27,033 - INFO - 81: (6, 1, 0.0, 2, False, False)
2024-03-23 21:48:27,033 - INFO - 82: (2, 3, 0.0, 1, False, False)
2024-03-23 21:48:27,033 - INFO - 83: (1, 0, 0.0, 2, False, False)
2024-03-23 21:48:27,033 - INFO - 84: (2, 3, 0.0, 3, False, False)
2024-03-23 21:48:27,033 - INFO - 85: (3, 3, 0.0, 3, False, False)
2024-03-23 21:48:27,033 - INFO - 86: (3, 1, 0.0, 2, False, False)
2024-03-23 21:48:27,033 - INFO - 87: (2, 0, 0.0, 3, False, False)
2024-03-23 21:48:27,033 - INFO - 88: (3, 3, 0.0, 2, False, False)
2024-03-23 21:48:27,033 - INFO - 89: (2, 0, 0.0, 1, False, False)
2024-03-23 21:48:27,033 - INFO - 90: (1, 1, 0.0, 5, True, False)
2024-03-23 21:48:27,033 - INFO - 91: (0, 1, 0.0, 1, False, True)
2024-03-23 21:48:27,033 - INFO - 92: (1, 1, 0.0, 5, True, False)
2024-03-23 21:48:27,033 - INFO - 93: (0, 2, 0.0, 1, False, True)
2024-03-23 21:48:27,033 - INFO - 94: (1, 1, 0.0, 5, True, False)
2024-03-23 21:48:27,034 - INFO - 95: (0, 1, 0.0, 0, False, True)
2024-03-23 21:48:27,034 - INFO - 96: (0, 3, 0.0, 4, False, False)
2024-03-23 21:48:27,034 - INFO - 97: (4, 1, 0.0, 8, False, False)
2024-03-23 21:48:27,034 - INFO - 98: (8, 3, 0.0, 14, False, False)
2024-03-23 21:48:27,034 - INFO - 99: (14, 3, 0.0, 14, False, False)
2024-03-23 21:48:27,034 - INFO - 100: (14, 0, 0.0, 0, False, False)
2024-03-23 21:52:23,761 - INFO - Sample Real Environment Tuples:
2024-03-23 21:52:23,761 - INFO - (0, 0, 0.0, 0, False, True)
2024-03-23 21:52:23,761 - INFO - (0, 1, 0.0, 0, False, False)
2024-03-23 21:52:23,761 - INFO - (0, 3, 0.0, 0, False, False)
2024-03-23 21:52:23,761 - INFO - (0, 2, 0.0, 0, False, False)
2024-03-23 21:52:23,761 - INFO - (0, 3, 0.0, 0, False, False)
2024-03-23 21:52:23,761 - INFO - Sample Simulated Environment Tuples:
2024-03-23 21:52:23,761 - INFO - (0, 0, 0.0, 0, False, True)
2024-03-23 21:52:23,761 - INFO - (0, 0, 0.0, 1, False, False)
2024-03-23 21:52:23,761 - INFO - (1, 3, 0.0, 2, False, False)
2024-03-23 21:52:23,761 - INFO - (2, 1, 0.0, 6, False, False)
2024-03-23 21:52:23,761 - INFO - (6, 0, 0.0, 10, False, False)
2024-03-23 21:52:23,762 - INFO - Real Environment Metrics:
2024-03-23 21:52:23,836 - INFO - Real Environment - Mean Reward: 0.0020, Mean Episode Length: 7.68
2024-03-23 21:52:23,836 - INFO - Real Environment - Number of Episodes: 10000, Number of steps: 76815
2024-03-23 21:52:23,838 - INFO - Simulated Environment Metrics:
2024-03-23 21:52:23,839 - INFO - Simulated Environment - Mean Reward: 0.0004, Mean Episode Length: 7.80
2024-03-23 21:52:23,839 - INFO - Simulated Environment - Number of Episodes: 1000, Number of steps: 7800
2024-03-23 21:52:23,839 - INFO - Real Environment Distributions:
2024-03-23 21:52:23,860 - INFO - Real Environment - State-Action: (0, 0)
2024-03-23 21:52:23,871 - INFO -   Real Environment - Next_states Distribution: {0: 5386, 4: 2711}
2024-03-23 21:52:23,872 - INFO -   Real Environment - Rewards Distribution: {0.0: 8097}
2024-03-23 21:52:23,872 - INFO -   Real Environment - Dones Distribution: True - 0, False - 8097
2024-03-23 21:52:23,872 - INFO - Real Environment - State-Action: (0, 1)
2024-03-23 21:52:23,872 - INFO -   Real Environment - Next_states Distribution: {0: 2760, 1: 2738, 4: 2732}
2024-03-23 21:52:23,873 - INFO -   Real Environment - Rewards Distribution: {0.0: 8230}
2024-03-23 21:52:23,873 - INFO -   Real Environment - Dones Distribution: True - 0, False - 8230
2024-03-23 21:52:23,873 - INFO - Real Environment - State-Action: (0, 2)
2024-03-23 21:52:23,874 - INFO -   Real Environment - Next_states Distribution: {0: 2674, 1: 2712, 4: 2772}
2024-03-23 21:52:23,874 - INFO -   Real Environment - Rewards Distribution: {0.0: 8158}
2024-03-23 21:52:23,874 - INFO -   Real Environment - Dones Distribution: True - 0, False - 8158
2024-03-23 21:52:23,874 - INFO - Real Environment - State-Action: (0, 3)
2024-03-23 21:52:23,875 - INFO -   Real Environment - Next_states Distribution: {0: 5470, 1: 2673}
2024-03-23 21:52:23,875 - INFO -   Real Environment - Rewards Distribution: {0.0: 8143}
2024-03-23 21:52:23,875 - INFO -   Real Environment - Dones Distribution: True - 0, False - 8143
2024-03-23 21:52:23,875 - INFO - Real Environment - State-Action: (1, 0)
2024-03-23 21:52:23,875 - INFO -   Real Environment - Next_states Distribution: {0: 1013, 1: 1052, 5: 1036}
2024-03-23 21:52:23,876 - INFO -   Real Environment - Rewards Distribution: {0.0: 3101}
2024-03-23 21:52:23,876 - INFO -   Real Environment - Dones Distribution: True - 1036, False - 2065
2024-03-23 21:52:23,876 - INFO - Real Environment - State-Action: (1, 1)
2024-03-23 21:52:23,876 - INFO -   Real Environment - Next_states Distribution: {0: 1137, 2: 1105, 5: 1106}
2024-03-23 21:52:23,876 - INFO -   Real Environment - Rewards Distribution: {0.0: 3348}
2024-03-23 21:52:23,876 - INFO -   Real Environment - Dones Distribution: True - 1106, False - 2242
2024-03-23 21:52:23,876 - INFO - Real Environment - State-Action: (1, 2)
2024-03-23 21:52:23,876 - INFO -   Real Environment - Next_states Distribution: {1: 1034, 2: 1031, 5: 1051}
2024-03-23 21:52:23,876 - INFO -   Real Environment - Rewards Distribution: {0.0: 3116}
2024-03-23 21:52:23,876 - INFO -   Real Environment - Dones Distribution: True - 1051, False - 2065
2024-03-23 21:52:23,876 - INFO - Real Environment - State-Action: (1, 3)
2024-03-23 21:52:23,876 - INFO -   Real Environment - Next_states Distribution: {0: 1074, 1: 1007, 2: 1053}
2024-03-23 21:52:23,876 - INFO -   Real Environment - Rewards Distribution: {0.0: 3134}
2024-03-23 21:52:23,876 - INFO -   Real Environment - Dones Distribution: True - 0, False - 3134
2024-03-23 21:52:23,876 - INFO - Real Environment - State-Action: (2, 0)
2024-03-23 21:52:23,876 - INFO -   Real Environment - Next_states Distribution: {1: 482, 2: 484, 6: 507}
2024-03-23 21:52:23,878 - INFO -   Real Environment - Rewards Distribution: {0.0: 1473}
2024-03-23 21:52:23,878 - INFO -   Real Environment - Dones Distribution: True - 0, False - 1473
2024-03-23 21:52:23,878 - INFO - Real Environment - State-Action: (2, 1)
2024-03-23 21:52:23,878 - INFO -   Real Environment - Next_states Distribution: {1: 515, 3: 467, 6: 472}
2024-03-23 21:52:23,878 - INFO -   Real Environment - Rewards Distribution: {0.0: 1454}
2024-03-23 21:52:23,878 - INFO -   Real Environment - Dones Distribution: True - 0, False - 1454
2024-03-23 21:52:23,878 - INFO - Real Environment - State-Action: (2, 2)
2024-03-23 21:52:23,878 - INFO -   Real Environment - Next_states Distribution: {2: 479, 3: 461, 6: 463}
2024-03-23 21:52:23,878 - INFO -   Real Environment - Rewards Distribution: {0.0: 1403}
2024-03-23 21:52:23,879 - INFO -   Real Environment - Dones Distribution: True - 0, False - 1403
2024-03-23 21:52:23,879 - INFO - Real Environment - State-Action: (2, 3)
2024-03-23 21:52:23,879 - INFO -   Real Environment - Next_states Distribution: {1: 486, 2: 489, 3: 479}
2024-03-23 21:52:23,879 - INFO -   Real Environment - Rewards Distribution: {0.0: 1454}
2024-03-23 21:52:23,879 - INFO -   Real Environment - Dones Distribution: True - 0, False - 1454
2024-03-23 21:52:23,879 - INFO - Real Environment - State-Action: (3, 0)
2024-03-23 21:52:23,879 - INFO -   Real Environment - Next_states Distribution: {2: 244, 3: 248, 7: 253}
2024-03-23 21:52:23,879 - INFO -   Real Environment - Rewards Distribution: {0.0: 745}
2024-03-23 21:52:23,879 - INFO -   Real Environment - Dones Distribution: True - 253, False - 492
2024-03-23 21:52:23,880 - INFO - Real Environment - State-Action: (3, 1)
2024-03-23 21:52:23,880 - INFO -   Real Environment - Next_states Distribution: {2: 236, 3: 223, 7: 226}
2024-03-23 21:52:23,880 - INFO -   Real Environment - Rewards Distribution: {0.0: 685}
2024-03-23 21:52:23,880 - INFO -   Real Environment - Dones Distribution: True - 226, False - 459
2024-03-23 21:52:23,880 - INFO - Real Environment - State-Action: (3, 2)
2024-03-23 21:52:23,880 - INFO -   Real Environment - Next_states Distribution: {3: 487, 7: 223}
2024-03-23 21:52:23,880 - INFO -   Real Environment - Rewards Distribution: {0.0: 710}
2024-03-23 21:52:23,880 - INFO -   Real Environment - Dones Distribution: True - 223, False - 487
2024-03-23 21:52:23,880 - INFO - Real Environment - State-Action: (3, 3)
2024-03-23 21:52:23,880 - INFO -   Real Environment - Next_states Distribution: {2: 225, 3: 502}
2024-03-23 21:52:23,880 - INFO -   Real Environment - Rewards Distribution: {0.0: 727}
2024-03-23 21:52:23,880 - INFO -   Real Environment - Dones Distribution: True - 0, False - 727
2024-03-23 21:52:23,880 - INFO - Real Environment - State-Action: (4, 0)
2024-03-23 21:52:23,880 - INFO -   Real Environment - Next_states Distribution: {0: 1015, 4: 1084, 8: 1051}
2024-03-23 21:52:23,881 - INFO -   Real Environment - Rewards Distribution: {0.0: 3150}
2024-03-23 21:52:23,881 - INFO -   Real Environment - Dones Distribution: True - 0, False - 3150
2024-03-23 21:52:23,881 - INFO - Real Environment - State-Action: (4, 1)
2024-03-23 21:52:23,882 - INFO -   Real Environment - Next_states Distribution: {4: 1040, 5: 996, 8: 1028}
2024-03-23 21:52:23,882 - INFO -   Real Environment - Rewards Distribution: {0.0: 3064}
2024-03-23 21:52:23,882 - INFO -   Real Environment - Dones Distribution: True - 996, False - 2068
2024-03-23 21:52:23,882 - INFO - Real Environment - State-Action: (4, 2)
2024-03-23 21:52:23,882 - INFO -   Real Environment - Next_states Distribution: {0: 1044, 5: 1075, 8: 1091}
2024-03-23 21:52:23,883 - INFO -   Real Environment - Rewards Distribution: {0.0: 3210}
2024-03-23 21:52:23,883 - INFO -   Real Environment - Dones Distribution: True - 1075, False - 2135
2024-03-23 21:52:23,883 - INFO - Real Environment - State-Action: (4, 3)
2024-03-23 21:52:23,883 - INFO -   Real Environment - Next_states Distribution: {0: 1055, 4: 1011, 5: 1012}
2024-03-23 21:52:23,883 - INFO -   Real Environment - Rewards Distribution: {0.0: 3078}
2024-03-23 21:52:23,883 - INFO -   Real Environment - Dones Distribution: True - 1012, False - 2066
2024-03-23 21:52:23,883 - INFO - Real Environment - State-Action: (6, 0)
2024-03-23 21:52:23,883 - INFO -   Real Environment - Next_states Distribution: {2: 156, 5: 139, 10: 115}
2024-03-23 21:52:23,884 - INFO -   Real Environment - Rewards Distribution: {0.0: 410}
2024-03-23 21:52:23,884 - INFO -   Real Environment - Dones Distribution: True - 139, False - 271
2024-03-23 21:52:23,884 - INFO - Real Environment - State-Action: (6, 1)
2024-03-23 21:52:23,884 - INFO -   Real Environment - Next_states Distribution: {5: 143, 7: 148, 10: 162}
2024-03-23 21:52:23,884 - INFO -   Real Environment - Rewards Distribution: {0.0: 453}
2024-03-23 21:52:23,884 - INFO -   Real Environment - Dones Distribution: True - 291, False - 162
2024-03-23 21:52:23,884 - INFO - Real Environment - State-Action: (6, 2)
2024-03-23 21:52:23,884 - INFO -   Real Environment - Next_states Distribution: {2: 130, 7: 145, 10: 156}
2024-03-23 21:52:23,884 - INFO -   Real Environment - Rewards Distribution: {0.0: 431}
2024-03-23 21:52:23,884 - INFO -   Real Environment - Dones Distribution: True - 145, False - 286
2024-03-23 21:52:23,884 - INFO - Real Environment - State-Action: (6, 3)
2024-03-23 21:52:23,884 - INFO -   Real Environment - Next_states Distribution: {2: 152, 5: 132, 7: 136}
2024-03-23 21:52:23,884 - INFO -   Real Environment - Rewards Distribution: {0.0: 420}
2024-03-23 21:52:23,884 - INFO -   Real Environment - Dones Distribution: True - 268, False - 152
2024-03-23 21:52:23,884 - INFO - Real Environment - State-Action: (8, 0)
2024-03-23 21:52:23,884 - INFO -   Real Environment - Next_states Distribution: {4: 364, 8: 411, 12: 449}
2024-03-23 21:52:23,884 - INFO -   Real Environment - Rewards Distribution: {0.0: 1224}
2024-03-23 21:52:23,884 - INFO -   Real Environment - Dones Distribution: True - 449, False - 775
2024-03-23 21:52:23,884 - INFO - Real Environment - State-Action: (8, 1)
2024-03-23 21:52:23,884 - INFO -   Real Environment - Next_states Distribution: {8: 416, 9: 414, 12: 386}
2024-03-23 21:52:23,884 - INFO -   Real Environment - Rewards Distribution: {0.0: 1216}
2024-03-23 21:52:23,884 - INFO -   Real Environment - Dones Distribution: True - 386, False - 830
2024-03-23 21:52:23,884 - INFO - Real Environment - State-Action: (8, 2)
2024-03-23 21:52:23,884 - INFO -   Real Environment - Next_states Distribution: {4: 399, 9: 374, 12: 415}
2024-03-23 21:52:23,884 - INFO -   Real Environment - Rewards Distribution: {0.0: 1188}
2024-03-23 21:52:23,884 - INFO -   Real Environment - Dones Distribution: True - 415, False - 773
2024-03-23 21:52:23,884 - INFO - Real Environment - State-Action: (8, 3)
2024-03-23 21:52:23,884 - INFO -   Real Environment - Next_states Distribution: {4: 389, 8: 372, 9: 391}
2024-03-23 21:52:23,884 - INFO -   Real Environment - Rewards Distribution: {0.0: 1152}
2024-03-23 21:52:23,884 - INFO -   Real Environment - Dones Distribution: True - 0, False - 1152
2024-03-23 21:52:23,884 - INFO - Real Environment - State-Action: (9, 0)
2024-03-23 21:52:23,885 - INFO -   Real Environment - Next_states Distribution: {5: 118, 8: 129, 13: 143}
2024-03-23 21:52:23,885 - INFO -   Real Environment - Rewards Distribution: {0.0: 390}
2024-03-23 21:52:23,885 - INFO -   Real Environment - Dones Distribution: True - 118, False - 272
2024-03-23 21:52:23,885 - INFO - Real Environment - State-Action: (9, 1)
2024-03-23 21:52:23,885 - INFO -   Real Environment - Next_states Distribution: {8: 135, 10: 115, 13: 144}
2024-03-23 21:52:23,885 - INFO -   Real Environment - Rewards Distribution: {0.0: 394}
2024-03-23 21:52:23,885 - INFO -   Real Environment - Dones Distribution: True - 0, False - 394
2024-03-23 21:52:23,885 - INFO - Real Environment - State-Action: (9, 2)
2024-03-23 21:52:23,885 - INFO -   Real Environment - Next_states Distribution: {5: 129, 10: 134, 13: 137}
2024-03-23 21:52:23,885 - INFO -   Real Environment - Rewards Distribution: {0.0: 400}
2024-03-23 21:52:23,885 - INFO -   Real Environment - Dones Distribution: True - 129, False - 271
2024-03-23 21:52:23,885 - INFO - Real Environment - State-Action: (9, 3)
2024-03-23 21:52:23,885 - INFO -   Real Environment - Next_states Distribution: {5: 115, 8: 147, 10: 127}
2024-03-23 21:52:23,885 - INFO -   Real Environment - Rewards Distribution: {0.0: 389}
2024-03-23 21:52:23,885 - INFO -   Real Environment - Dones Distribution: True - 115, False - 274
2024-03-23 21:52:23,885 - INFO - Real Environment - State-Action: (10, 0)
2024-03-23 21:52:23,885 - INFO -   Real Environment - Next_states Distribution: {6: 95, 9: 72, 14: 82}
2024-03-23 21:52:23,885 - INFO -   Real Environment - Rewards Distribution: {0.0: 249}
2024-03-23 21:52:23,885 - INFO -   Real Environment - Dones Distribution: True - 0, False - 249
2024-03-23 21:52:23,885 - INFO - Real Environment - State-Action: (10, 1)
2024-03-23 21:52:23,885 - INFO -   Real Environment - Next_states Distribution: {9: 64, 11: 86, 14: 79}
2024-03-23 21:52:23,885 - INFO -   Real Environment - Rewards Distribution: {0.0: 229}
2024-03-23 21:52:23,885 - INFO -   Real Environment - Dones Distribution: True - 86, False - 143
2024-03-23 21:52:23,885 - INFO - Real Environment - State-Action: (10, 2)
2024-03-23 21:52:23,885 - INFO -   Real Environment - Next_states Distribution: {6: 80, 11: 76, 14: 67}
2024-03-23 21:52:23,886 - INFO -   Real Environment - Rewards Distribution: {0.0: 223}
2024-03-23 21:52:23,886 - INFO -   Real Environment - Dones Distribution: True - 76, False - 147
2024-03-23 21:52:23,886 - INFO - Real Environment - State-Action: (10, 3)
2024-03-23 21:52:23,886 - INFO -   Real Environment - Next_states Distribution: {6: 97, 9: 71, 11: 86}
2024-03-23 21:52:23,886 - INFO -   Real Environment - Rewards Distribution: {0.0: 254}
2024-03-23 21:52:23,886 - INFO -   Real Environment - Dones Distribution: True - 86, False - 168
2024-03-23 21:52:23,886 - INFO - Real Environment - State-Action: (13, 0)
2024-03-23 21:52:23,886 - INFO -   Real Environment - Next_states Distribution: {9: 63, 12: 59, 13: 48}
2024-03-23 21:52:23,886 - INFO -   Real Environment - Rewards Distribution: {0.0: 170}
2024-03-23 21:52:23,886 - INFO -   Real Environment - Dones Distribution: True - 59, False - 111
2024-03-23 21:52:23,886 - INFO - Real Environment - State-Action: (13, 1)
2024-03-23 21:52:23,886 - INFO -   Real Environment - Next_states Distribution: {12: 53, 13: 74, 14: 68}
2024-03-23 21:52:23,886 - INFO -   Real Environment - Rewards Distribution: {0.0: 195}
2024-03-23 21:52:23,886 - INFO -   Real Environment - Dones Distribution: True - 53, False - 142
2024-03-23 21:52:23,886 - INFO - Real Environment - State-Action: (13, 2)
2024-03-23 21:52:23,886 - INFO -   Real Environment - Next_states Distribution: {9: 64, 13: 59, 14: 52}
2024-03-23 21:52:23,886 - INFO -   Real Environment - Rewards Distribution: {0.0: 175}
2024-03-23 21:52:23,886 - INFO -   Real Environment - Dones Distribution: True - 0, False - 175
2024-03-23 21:52:23,886 - INFO - Real Environment - State-Action: (13, 3)
2024-03-23 21:52:23,886 - INFO -   Real Environment - Next_states Distribution: {9: 60, 12: 57, 14: 78}
2024-03-23 21:52:23,886 - INFO -   Real Environment - Rewards Distribution: {0.0: 195}
2024-03-23 21:52:23,886 - INFO -   Real Environment - Dones Distribution: True - 57, False - 138
2024-03-23 21:52:23,886 - INFO - Real Environment - State-Action: (14, 0)
2024-03-23 21:52:23,886 - INFO -   Real Environment - Next_states Distribution: {10: 43, 13: 47, 14: 53}
2024-03-23 21:52:23,886 - INFO -   Real Environment - Rewards Distribution: {0.0: 143}
2024-03-23 21:52:23,886 - INFO -   Real Environment - Dones Distribution: True - 0, False - 143
2024-03-23 21:52:23,886 - INFO - Real Environment - State-Action: (14, 1)
2024-03-23 21:52:23,886 - INFO -   Real Environment - Next_states Distribution: {13: 46, 14: 50, 15: 60}
2024-03-23 21:52:23,886 - INFO -   Real Environment - Rewards Distribution: {0.0: 96, 1.0: 60}
2024-03-23 21:52:23,886 - INFO -   Real Environment - Dones Distribution: True - 60, False - 96
2024-03-23 21:52:23,886 - INFO - Real Environment - State-Action: (14, 2)
2024-03-23 21:52:23,886 - INFO -   Real Environment - Next_states Distribution: {10: 49, 14: 49, 15: 44}
2024-03-23 21:52:23,886 - INFO -   Real Environment - Rewards Distribution: {0.0: 98, 1.0: 44}
2024-03-23 21:52:23,886 - INFO -   Real Environment - Dones Distribution: True - 44, False - 98
2024-03-23 21:52:23,886 - INFO - Real Environment - State-Action: (14, 3)
2024-03-23 21:52:23,886 - INFO -   Real Environment - Next_states Distribution: {10: 54, 13: 37, 15: 46}
2024-03-23 21:52:23,886 - INFO -   Real Environment - Rewards Distribution: {0.0: 91, 1.0: 46}
2024-03-23 21:52:23,886 - INFO -   Real Environment - Dones Distribution: True - 46, False - 91
2024-03-23 21:52:23,888 - INFO - Simulated Environment Distributions:
2024-03-23 21:52:23,890 - INFO - Simulated Environment - State-Action: (0, 0)
2024-03-23 21:52:23,890 - INFO -   Simulated Environment - Next_states Distribution: {0: 558, 1: 48, 4: 238}
2024-03-23 21:52:23,890 - INFO -   Simulated Environment - Rewards Distribution: {0.0: 844}
2024-03-23 21:52:23,890 - INFO -   Simulated Environment - Dones Distribution: True - 1, False - 843
2024-03-23 21:52:23,890 - INFO - Simulated Environment - State-Action: (0, 1)
2024-03-23 21:52:23,890 - INFO -   Simulated Environment - Next_states Distribution: {0: 350, 1: 237, 4: 273, 5: 1, 8: 5}
2024-03-23 21:52:23,890 - INFO -   Simulated Environment - Rewards Distribution: {0.0: 866}
2024-03-23 21:52:23,890 - INFO -   Simulated Environment - Dones Distribution: True - 1, False - 865
2024-03-23 21:52:23,890 - INFO - Simulated Environment - State-Action: (0, 2)
2024-03-23 21:52:23,890 - INFO -   Simulated Environment - Next_states Distribution: {0: 337, 1: 287, 4: 226}
2024-03-23 21:52:23,890 - INFO -   Simulated Environment - Rewards Distribution: {0.0: 850}
2024-03-23 21:52:23,890 - INFO -   Simulated Environment - Dones Distribution: True - 0, False - 850
2024-03-23 21:52:23,890 - INFO - Simulated Environment - State-Action: (0, 3)
2024-03-23 21:52:23,890 - INFO -   Simulated Environment - Next_states Distribution: {0: 470, 1: 281, 4: 48}
2024-03-23 21:52:23,890 - INFO -   Simulated Environment - Rewards Distribution: {0.0: 799}
2024-03-23 21:52:23,890 - INFO -   Simulated Environment - Dones Distribution: True - 0, False - 799
2024-03-23 21:52:23,890 - INFO - Simulated Environment - State-Action: (1, 0)
2024-03-23 21:52:23,891 - INFO -   Simulated Environment - Next_states Distribution: {0: 191, 1: 67, 2: 14, 4: 4, 5: 74, 10: 1}
2024-03-23 21:52:23,891 - INFO -   Simulated Environment - Rewards Distribution: {0.0: 351}
2024-03-23 21:52:23,891 - INFO -   Simulated Environment - Dones Distribution: True - 73, False - 278
2024-03-23 21:52:23,891 - INFO - Simulated Environment - State-Action: (1, 1)
2024-03-23 21:52:23,891 - INFO -   Simulated Environment - Next_states Distribution: {0: 38, 1: 67, 2: 87, 3: 1, 5: 132}
2024-03-23 21:52:23,891 - INFO -   Simulated Environment - Rewards Distribution: {0.0: 325}
2024-03-23 21:52:23,891 - INFO -   Simulated Environment - Dones Distribution: True - 132, False - 193
2024-03-23 21:52:23,891 - INFO - Simulated Environment - State-Action: (1, 2)
2024-03-23 21:52:23,891 - INFO -   Simulated Environment - Next_states Distribution: {0: 37, 1: 91, 2: 109, 3: 4, 5: 105}
2024-03-23 21:52:23,891 - INFO -   Simulated Environment - Rewards Distribution: {0.0: 346}
2024-03-23 21:52:23,891 - INFO -   Simulated Environment - Dones Distribution: True - 105, False - 241
2024-03-23 21:52:23,891 - INFO - Simulated Environment - State-Action: (1, 3)
2024-03-23 21:52:23,891 - INFO -   Simulated Environment - Next_states Distribution: {0: 77, 1: 127, 2: 119, 5: 26}
2024-03-23 21:52:23,891 - INFO -   Simulated Environment - Rewards Distribution: {0.0: 349}
2024-03-23 21:52:23,891 - INFO -   Simulated Environment - Dones Distribution: True - 26, False - 323
2024-03-23 21:52:23,891 - INFO - Simulated Environment - State-Action: (2, 0)
2024-03-23 21:52:23,891 - INFO -   Simulated Environment - Next_states Distribution: {0: 1, 1: 57, 2: 46, 3: 9, 4: 2, 6: 51}
2024-03-23 21:52:23,891 - INFO -   Simulated Environment - Rewards Distribution: {0.0: 166}
2024-03-23 21:52:23,891 - INFO -   Simulated Environment - Dones Distribution: True - 1, False - 165
2024-03-23 21:52:23,891 - INFO - Simulated Environment - State-Action: (2, 1)
2024-03-23 21:52:23,891 - INFO -   Simulated Environment - Next_states Distribution: {1: 26, 2: 38, 3: 30, 6: 54, 7: 1, 11: 1, 14: 1}
2024-03-23 21:52:23,891 - INFO -   Simulated Environment - Rewards Distribution: {0.0: 151}
2024-03-23 21:52:23,891 - INFO -   Simulated Environment - Dones Distribution: True - 2, False - 149
2024-03-23 21:52:23,891 - INFO - Simulated Environment - State-Action: (2, 2)
2024-03-23 21:52:23,891 - INFO -   Simulated Environment - Next_states Distribution: {1: 13, 2: 31, 3: 61, 6: 34, 7: 1, 11: 1}
2024-03-23 21:52:23,891 - INFO -   Simulated Environment - Rewards Distribution: {0.0: 141}
2024-03-23 21:52:23,891 - INFO -   Simulated Environment - Dones Distribution: True - 2, False - 139
2024-03-23 21:52:23,891 - INFO - Simulated Environment - State-Action: (2, 3)
2024-03-23 21:52:23,891 - INFO -   Simulated Environment - Next_states Distribution: {1: 52, 2: 54, 3: 45, 6: 10}
2024-03-23 21:52:23,891 - INFO -   Simulated Environment - Rewards Distribution: {0.0: 161}
2024-03-23 21:52:23,891 - INFO -   Simulated Environment - Dones Distribution: True - 0, False - 161
2024-03-23 21:52:23,891 - INFO - Simulated Environment - State-Action: (3, 0)
2024-03-23 21:52:23,891 - INFO -   Simulated Environment - Next_states Distribution: {0: 2, 1: 2, 2: 14, 3: 22, 6: 3, 7: 20, 11: 1}
2024-03-23 21:52:23,892 - INFO -   Simulated Environment - Rewards Distribution: {0.0: 64}
2024-03-23 21:52:23,892 - INFO -   Simulated Environment - Dones Distribution: True - 21, False - 43
2024-03-23 21:52:23,892 - INFO - Simulated Environment - State-Action: (3, 1)
2024-03-23 21:52:23,892 - INFO -   Simulated Environment - Next_states Distribution: {1: 1, 2: 18, 3: 33, 6: 2, 7: 24, 10: 1}
2024-03-23 21:52:23,892 - INFO -   Simulated Environment - Rewards Distribution: {0.0: 79}
2024-03-23 21:52:23,892 - INFO -   Simulated Environment - Dones Distribution: True - 24, False - 55
2024-03-23 21:52:23,892 - INFO - Simulated Environment - State-Action: (3, 2)
2024-03-23 21:52:23,892 - INFO -   Simulated Environment - Next_states Distribution: {1: 2, 2: 7, 3: 47, 6: 3, 7: 15}
2024-03-23 21:52:23,892 - INFO -   Simulated Environment - Rewards Distribution: {0.0: 74}
2024-03-23 21:52:23,892 - INFO -   Simulated Environment - Dones Distribution: True - 15, False - 59
2024-03-23 21:52:23,892 - INFO - Simulated Environment - State-Action: (3, 3)
2024-03-23 21:52:23,892 - INFO -   Simulated Environment - Next_states Distribution: {1: 2, 2: 29, 3: 45, 6: 1, 7: 17}
2024-03-23 21:52:23,892 - INFO -   Simulated Environment - Rewards Distribution: {0.0: 94}
2024-03-23 21:52:23,892 - INFO -   Simulated Environment - Dones Distribution: True - 17, False - 77
2024-03-23 21:52:23,892 - INFO - Simulated Environment - State-Action: (4, 0)
2024-03-23 21:52:23,892 - INFO -   Simulated Environment - Next_states Distribution: {0: 61, 4: 121, 5: 15, 8: 75}
2024-03-23 21:52:23,892 - INFO -   Simulated Environment - Rewards Distribution: {0.0: 272}
2024-03-23 21:52:23,892 - INFO -   Simulated Environment - Dones Distribution: True - 15, False - 257
2024-03-23 21:52:23,892 - INFO - Simulated Environment - State-Action: (4, 1)
2024-03-23 21:52:23,892 - INFO -   Simulated Environment - Next_states Distribution: {0: 39, 4: 67, 5: 97, 8: 117, 9: 1, 12: 2, 13: 2}
2024-03-23 21:52:23,892 - INFO -   Simulated Environment - Rewards Distribution: {0.0: 325}
2024-03-23 21:52:23,892 - INFO -   Simulated Environment - Dones Distribution: True - 99, False - 226
2024-03-23 21:52:23,892 - INFO - Simulated Environment - State-Action: (4, 2)
2024-03-23 21:52:23,892 - INFO -   Simulated Environment - Next_states Distribution: {0: 37, 1: 2, 4: 62, 5: 121, 8: 86}
2024-03-23 21:52:23,892 - INFO -   Simulated Environment - Rewards Distribution: {0.0: 308}
2024-03-23 21:52:23,892 - INFO -   Simulated Environment - Dones Distribution: True - 121, False - 187
2024-03-23 21:52:23,892 - INFO - Simulated Environment - State-Action: (4, 3)
2024-03-23 21:52:23,892 - INFO -   Simulated Environment - Next_states Distribution: {0: 153, 4: 35, 5: 79, 8: 14}
2024-03-23 21:52:23,892 - INFO -   Simulated Environment - Rewards Distribution: {0.0: 280, 1.0: 1}
2024-03-23 21:52:23,892 - INFO -   Simulated Environment - Dones Distribution: True - 79, False - 202
2024-03-23 21:52:23,893 - INFO - Simulated Environment - State-Action: (5, 1)
2024-03-23 21:52:23,893 - INFO -   Simulated Environment - Next_states Distribution: {8: 1}
2024-03-23 21:52:23,893 - INFO -   Simulated Environment - Rewards Distribution: {0.0: 1}
2024-03-23 21:52:23,893 - INFO -   Simulated Environment - Dones Distribution: True - 0, False - 1
2024-03-23 21:52:23,893 - INFO - Simulated Environment - State-Action: (6, 0)
2024-03-23 21:52:23,893 - INFO -   Simulated Environment - Next_states Distribution: {2: 2, 5: 13, 7: 4, 10: 17}
2024-03-23 21:52:23,893 - INFO -   Simulated Environment - Rewards Distribution: {0.0: 36}
2024-03-23 21:52:23,893 - INFO -   Simulated Environment - Dones Distribution: True - 17, False - 19
2024-03-23 21:52:23,893 - INFO - Simulated Environment - State-Action: (6, 1)
2024-03-23 21:52:23,893 - INFO -   Simulated Environment - Next_states Distribution: {0: 1, 1: 2, 2: 6, 5: 11, 7: 11, 10: 18}
2024-03-23 21:52:23,893 - INFO -   Simulated Environment - Rewards Distribution: {0.0: 49}
2024-03-23 21:52:23,893 - INFO -   Simulated Environment - Dones Distribution: True - 22, False - 27
2024-03-23 21:52:23,893 - INFO - Simulated Environment - State-Action: (6, 2)
2024-03-23 21:52:23,893 - INFO -   Simulated Environment - Next_states Distribution: {2: 23, 3: 2, 5: 3, 7: 17, 10: 7}
2024-03-23 21:52:23,893 - INFO -   Simulated Environment - Rewards Distribution: {0.0: 52}
2024-03-23 21:52:23,893 - INFO -   Simulated Environment - Dones Distribution: True - 20, False - 32
2024-03-23 21:52:23,893 - INFO - Simulated Environment - State-Action: (6, 3)
2024-03-23 21:52:23,893 - INFO -   Simulated Environment - Next_states Distribution: {2: 18, 3: 6, 5: 11, 7: 6, 10: 1}
2024-03-23 21:52:23,893 - INFO -   Simulated Environment - Rewards Distribution: {0.0: 42}
2024-03-23 21:52:23,893 - INFO -   Simulated Environment - Dones Distribution: True - 17, False - 25
2024-03-23 21:52:23,893 - INFO - Simulated Environment - State-Action: (8, 0)
2024-03-23 21:52:23,893 - INFO -   Simulated Environment - Next_states Distribution: {4: 30, 8: 50, 9: 3, 12: 27, 14: 2}
2024-03-23 21:52:23,893 - INFO -   Simulated Environment - Rewards Distribution: {0.0: 112}
2024-03-23 21:52:23,893 - INFO -   Simulated Environment - Dones Distribution: True - 27, False - 85
2024-03-23 21:52:23,893 - INFO - Simulated Environment - State-Action: (8, 1)
2024-03-23 21:52:23,893 - INFO -   Simulated Environment - Next_states Distribution: {4: 9, 8: 21, 9: 33, 12: 32, 14: 2}
2024-03-23 21:52:23,893 - INFO -   Simulated Environment - Rewards Distribution: {0.0: 97}
2024-03-23 21:52:23,893 - INFO -   Simulated Environment - Dones Distribution: True - 30, False - 67
2024-03-23 21:52:23,893 - INFO - Simulated Environment - State-Action: (8, 2)
2024-03-23 21:52:23,893 - INFO -   Simulated Environment - Next_states Distribution: {4: 16, 8: 19, 9: 37, 12: 41, 13: 1, 14: 1}
2024-03-23 21:52:23,893 - INFO -   Simulated Environment - Rewards Distribution: {0.0: 115}
2024-03-23 21:52:23,893 - INFO -   Simulated Environment - Dones Distribution: True - 41, False - 74
2024-03-23 21:52:23,893 - INFO - Simulated Environment - State-Action: (8, 3)
2024-03-23 21:52:23,893 - INFO -   Simulated Environment - Next_states Distribution: {0: 2, 4: 40, 8: 18, 9: 39, 12: 12, 13: 1, 14: 5}
2024-03-23 21:52:23,893 - INFO -   Simulated Environment - Rewards Distribution: {0.0: 117}
2024-03-23 21:52:23,894 - INFO -   Simulated Environment - Dones Distribution: True - 12, False - 105
2024-03-23 21:52:23,894 - INFO - Simulated Environment - State-Action: (9, 0)
2024-03-23 21:52:23,894 - INFO -   Simulated Environment - Next_states Distribution: {5: 5, 8: 7, 9: 1, 10: 6, 13: 12, 14: 2}
2024-03-23 21:52:23,894 - INFO -   Simulated Environment - Rewards Distribution: {0.0: 33}
2024-03-23 21:52:23,894 - INFO -   Simulated Environment - Dones Distribution: True - 5, False - 28
2024-03-23 21:52:23,894 - INFO - Simulated Environment - State-Action: (9, 1)
2024-03-23 21:52:23,894 - INFO -   Simulated Environment - Next_states Distribution: {2: 1, 4: 1, 5: 8, 8: 13, 10: 10, 12: 1, 13: 15}
2024-03-23 21:52:23,894 - INFO -   Simulated Environment - Rewards Distribution: {0.0: 49}
2024-03-23 21:52:23,894 - INFO -   Simulated Environment - Dones Distribution: True - 9, False - 40
2024-03-23 21:52:23,894 - INFO - Simulated Environment - State-Action: (9, 2)
2024-03-23 21:52:23,894 - INFO -   Simulated Environment - Next_states Distribution: {0: 1, 5: 7, 7: 2, 8: 6, 9: 2, 10: 6, 13: 9}
2024-03-23 21:52:23,894 - INFO -   Simulated Environment - Rewards Distribution: {0.0: 33}
2024-03-23 21:52:23,894 - INFO -   Simulated Environment - Dones Distribution: True - 9, False - 24
2024-03-23 21:52:23,894 - INFO - Simulated Environment - State-Action: (9, 3)
2024-03-23 21:52:23,894 - INFO -   Simulated Environment - Next_states Distribution: {2: 3, 5: 22, 8: 2, 10: 9, 13: 3}
2024-03-23 21:52:23,894 - INFO -   Simulated Environment - Rewards Distribution: {0.0: 39}
2024-03-23 21:52:23,894 - INFO -   Simulated Environment - Dones Distribution: True - 22, False - 17
2024-03-23 21:52:23,894 - INFO - Simulated Environment - State-Action: (10, 0)
2024-03-23 21:52:23,894 - INFO -   Simulated Environment - Next_states Distribution: {4: 1, 6: 3, 9: 5, 11: 1, 12: 3, 14: 5}
2024-03-23 21:52:23,894 - INFO -   Simulated Environment - Rewards Distribution: {0.0: 18}
2024-03-23 21:52:23,894 - INFO -   Simulated Environment - Dones Distribution: True - 4, False - 14
2024-03-23 21:52:23,894 - INFO - Simulated Environment - State-Action: (10, 1)
2024-03-23 21:52:23,894 - INFO -   Simulated Environment - Next_states Distribution: {1: 1, 3: 2, 6: 3, 9: 4, 11: 4, 12: 2, 14: 3}
2024-03-23 21:52:23,894 - INFO -   Simulated Environment - Rewards Distribution: {0.0: 19}
2024-03-23 21:52:23,894 - INFO -   Simulated Environment - Dones Distribution: True - 6, False - 13
2024-03-23 21:52:23,894 - INFO - Simulated Environment - State-Action: (10, 2)
2024-03-23 21:52:23,894 - INFO -   Simulated Environment - Next_states Distribution: {1: 1, 3: 3, 6: 5, 9: 5, 11: 3, 14: 1}
2024-03-23 21:52:23,894 - INFO -   Simulated Environment - Rewards Distribution: {0.0: 18}
2024-03-23 21:52:23,894 - INFO -   Simulated Environment - Dones Distribution: True - 3, False - 15
2024-03-23 21:52:23,894 - INFO - Simulated Environment - State-Action: (10, 3)
2024-03-23 21:52:23,894 - INFO -   Simulated Environment - Next_states Distribution: {1: 2, 4: 1, 6: 8, 9: 5, 11: 7, 14: 6}
2024-03-23 21:52:23,895 - INFO -   Simulated Environment - Rewards Distribution: {0.0: 29}
2024-03-23 21:52:23,895 - INFO -   Simulated Environment - Dones Distribution: True - 7, False - 22
2024-03-23 21:52:23,895 - INFO - Simulated Environment - State-Action: (12, 0)
2024-03-23 21:52:23,895 - INFO -   Simulated Environment - Next_states Distribution: {4: 1}
2024-03-23 21:52:23,895 - INFO -   Simulated Environment - Rewards Distribution: {0.0: 1}
2024-03-23 21:52:23,895 - INFO -   Simulated Environment - Dones Distribution: True - 0, False - 1
2024-03-23 21:52:23,895 - INFO - Simulated Environment - State-Action: (12, 1)
2024-03-23 21:52:23,895 - INFO -   Simulated Environment - Next_states Distribution: {4: 1}
2024-03-23 21:52:23,895 - INFO -   Simulated Environment - Rewards Distribution: {0.0: 1}
2024-03-23 21:52:23,895 - INFO -   Simulated Environment - Dones Distribution: True - 0, False - 1
2024-03-23 21:52:23,895 - INFO - Simulated Environment - State-Action: (13, 0)
2024-03-23 21:52:23,895 - INFO -   Simulated Environment - Next_states Distribution: {8: 2, 9: 3, 12: 3, 13: 7}
2024-03-23 21:52:23,895 - INFO -   Simulated Environment - Rewards Distribution: {0.0: 15}
2024-03-23 21:52:23,895 - INFO -   Simulated Environment - Dones Distribution: True - 3, False - 12
2024-03-23 21:52:23,895 - INFO - Simulated Environment - State-Action: (13, 1)
2024-03-23 21:52:23,895 - INFO -   Simulated Environment - Next_states Distribution: {4: 1, 8: 1, 9: 6, 11: 1, 12: 4, 13: 1, 14: 1}
2024-03-23 21:52:23,895 - INFO -   Simulated Environment - Rewards Distribution: {0.0: 15}
2024-03-23 21:52:23,895 - INFO -   Simulated Environment - Dones Distribution: True - 5, False - 10
2024-03-23 21:52:23,895 - INFO - Simulated Environment - State-Action: (13, 2)
2024-03-23 21:52:23,895 - INFO -   Simulated Environment - Next_states Distribution: {4: 4, 8: 1, 9: 7, 12: 2, 14: 1}
2024-03-23 21:52:23,895 - INFO -   Simulated Environment - Rewards Distribution: {0.0: 15}
2024-03-23 21:52:23,895 - INFO -   Simulated Environment - Dones Distribution: True - 2, False - 13
2024-03-23 21:52:23,895 - INFO - Simulated Environment - State-Action: (13, 3)
2024-03-23 21:52:23,895 - INFO -   Simulated Environment - Next_states Distribution: {3: 1, 4: 1, 6: 1, 8: 1, 9: 3, 13: 1, 14: 2}
2024-03-23 21:52:23,895 - INFO -   Simulated Environment - Rewards Distribution: {0.0: 10}
2024-03-23 21:52:23,895 - INFO -   Simulated Environment - Dones Distribution: True - 0, False - 10
2024-03-23 21:52:23,895 - INFO - Simulated Environment - State-Action: (14, 0)
2024-03-23 21:52:23,895 - INFO -   Simulated Environment - Next_states Distribution: {0: 2, 4: 1, 10: 1, 13: 1, 14: 2}
2024-03-23 21:52:23,896 - INFO -   Simulated Environment - Rewards Distribution: {0.0: 7}
2024-03-23 21:52:23,896 - INFO -   Simulated Environment - Dones Distribution: True - 0, False - 7
2024-03-23 21:52:23,896 - INFO - Simulated Environment - State-Action: (14, 1)
2024-03-23 21:52:23,896 - INFO -   Simulated Environment - Next_states Distribution: {0: 1, 1: 2, 8: 2, 10: 3, 12: 1, 13: 1}
2024-03-23 21:52:23,896 - INFO -   Simulated Environment - Rewards Distribution: {0.0: 10}
2024-03-23 21:52:23,896 - INFO -   Simulated Environment - Dones Distribution: True - 1, False - 9
2024-03-23 21:52:23,896 - INFO - Simulated Environment - State-Action: (14, 2)
2024-03-23 21:52:23,896 - INFO -   Simulated Environment - Next_states Distribution: {1: 1, 4: 1, 10: 2, 14: 2, 15: 1}
2024-03-23 21:52:23,896 - INFO -   Simulated Environment - Rewards Distribution: {0.0: 6, 1.0: 1}
2024-03-23 21:52:23,896 - INFO -   Simulated Environment - Dones Distribution: True - 1, False - 6
2024-03-23 21:52:23,896 - INFO - Simulated Environment - State-Action: (14, 3)
2024-03-23 21:52:23,896 - INFO -   Simulated Environment - Next_states Distribution: {0: 2, 3: 1, 4: 2, 5: 1, 6: 1, 7: 1, 10: 2, 13: 1, 14: 2, 15: 1}
2024-03-23 21:52:23,896 - INFO -   Simulated Environment - Rewards Distribution: {0.0: 13, 1.0: 1}
2024-03-23 21:52:23,896 - INFO -   Simulated Environment - Dones Distribution: True - 3, False - 11
2024-03-23 21:59:24,378 - INFO - Tuples saved to ./data/simulated_tuples/FrozenLake-v1/simulated_tuples_v1.pkl
2024-03-23 21:59:24,378 - INFO - Summary Statistics for Simulated Environment:
2024-03-23 21:59:24,378 - INFO - Average Reward: 0.0045
2024-03-23 21:59:24,378 - INFO - Total Episodes: 10000
2024-03-23 21:59:24,378 - INFO - Total Dones: 10000
2024-03-23 21:59:24,378 - INFO - Reward Distribution: {0.0: 78497, 1.0: 45}
2024-03-23 21:59:24,378 - INFO - Top 100 Tuples:
2024-03-23 21:59:24,378 - INFO - 1: (0, 2, 0.0, 4, False, True)
2024-03-23 21:59:24,379 - INFO - 2: (4, 3, 0.0, 0, False, False)
2024-03-23 21:59:24,379 - INFO - 3: (0, 1, 0.0, 0, False, False)
2024-03-23 21:59:24,379 - INFO - 4: (0, 3, 0.0, 0, False, False)
2024-03-23 21:59:24,379 - INFO - 5: (0, 0, 0.0, 4, False, False)
2024-03-23 21:59:24,379 - INFO - 6: (4, 0, 0.0, 4, False, False)
2024-03-23 21:59:24,379 - INFO - 7: (4, 2, 0.0, 5, True, False)
2024-03-23 21:59:24,379 - INFO - 8: (0, 2, 0.0, 0, False, True)
2024-03-23 21:59:24,379 - INFO - 9: (0, 3, 0.0, 0, False, False)
2024-03-23 21:59:24,379 - INFO - 10: (0, 1, 0.0, 4, False, False)
2024-03-23 21:59:24,379 - INFO - 11: (4, 0, 0.0, 5, True, False)
2024-03-23 21:59:24,379 - INFO - 12: (0, 0, 0.0, 1, False, True)
2024-03-23 21:59:24,379 - INFO - 13: (1, 3, 0.0, 1, False, False)
2024-03-23 21:59:24,379 - INFO - 14: (1, 0, 0.0, 0, False, False)
2024-03-23 21:59:24,379 - INFO - 15: (0, 1, 0.0, 4, False, False)
2024-03-23 21:59:24,379 - INFO - 16: (4, 1, 0.0, 4, False, False)
2024-03-23 21:59:24,379 - INFO - 17: (4, 2, 0.0, 0, False, False)
2024-03-23 21:59:24,379 - INFO - 18: (0, 2, 0.0, 1, False, False)
2024-03-23 21:59:24,379 - INFO - 19: (1, 3, 0.0, 2, False, False)
2024-03-23 21:59:24,379 - INFO - 20: (2, 1, 0.0, 2, False, False)
2024-03-23 21:59:24,379 - INFO - 21: (2, 0, 0.0, 1, False, False)
2024-03-23 21:59:24,379 - INFO - 22: (1, 2, 0.0, 5, True, False)
2024-03-23 21:59:24,379 - INFO - 23: (0, 2, 0.0, 0, False, True)
2024-03-23 21:59:24,379 - INFO - 24: (0, 3, 0.0, 1, False, False)
2024-03-23 21:59:24,379 - INFO - 25: (1, 0, 0.0, 0, False, False)
2024-03-23 21:59:24,379 - INFO - 26: (0, 1, 0.0, 0, False, False)
2024-03-23 21:59:24,379 - INFO - 27: (0, 2, 0.0, 0, False, False)
2024-03-23 21:59:24,379 - INFO - 28: (0, 1, 0.0, 1, False, False)
2024-03-23 21:59:24,379 - INFO - 29: (1, 0, 0.0, 2, False, False)
2024-03-23 21:59:24,379 - INFO - 30: (2, 3, 0.0, 3, False, False)
2024-03-23 21:59:24,379 - INFO - 31: (3, 1, 0.0, 7, True, False)
2024-03-23 21:59:24,379 - INFO - 32: (0, 2, 0.0, 0, False, True)
2024-03-23 21:59:24,379 - INFO - 33: (0, 2, 0.0, 1, False, False)
2024-03-23 21:59:24,379 - INFO - 34: (1, 2, 0.0, 2, False, False)
2024-03-23 21:59:24,379 - INFO - 35: (2, 2, 0.0, 3, False, False)
2024-03-23 21:59:24,379 - INFO - 36: (3, 2, 0.0, 7, True, False)
2024-03-23 21:59:24,379 - INFO - 37: (0, 3, 0.0, 0, False, True)
2024-03-23 21:59:24,379 - INFO - 38: (0, 2, 0.0, 0, False, False)
2024-03-23 21:59:24,379 - INFO - 39: (0, 0, 0.0, 0, False, False)
2024-03-23 21:59:24,379 - INFO - 40: (0, 0, 0.0, 4, False, False)
2024-03-23 21:59:24,379 - INFO - 41: (4, 2, 0.0, 5, True, False)
2024-03-23 21:59:24,379 - INFO - 42: (0, 0, 0.0, 0, False, True)
2024-03-23 21:59:24,379 - INFO - 43: (0, 1, 0.0, 0, False, False)
2024-03-23 21:59:24,379 - INFO - 44: (0, 2, 0.0, 1, False, False)
2024-03-23 21:59:24,379 - INFO - 45: (1, 2, 0.0, 1, False, False)
2024-03-23 21:59:24,379 - INFO - 46: (1, 3, 0.0, 5, True, False)
2024-03-23 21:59:24,380 - INFO - 47: (0, 1, 0.0, 0, False, True)
2024-03-23 21:59:24,380 - INFO - 48: (0, 2, 0.0, 0, False, False)
2024-03-23 21:59:24,380 - INFO - 49: (0, 0, 0.0, 0, False, False)
2024-03-23 21:59:24,380 - INFO - 50: (0, 1, 0.0, 0, False, False)
2024-03-23 21:59:24,380 - INFO - 51: (0, 3, 0.0, 0, False, False)
2024-03-23 21:59:24,380 - INFO - 52: (0, 3, 0.0, 0, False, False)
2024-03-23 21:59:24,380 - INFO - 53: (0, 2, 0.0, 1, False, False)
2024-03-23 21:59:24,380 - INFO - 54: (1, 1, 0.0, 5, True, False)
2024-03-23 21:59:24,380 - INFO - 55: (0, 1, 0.0, 0, False, True)
2024-03-23 21:59:24,380 - INFO - 56: (0, 2, 0.0, 1, False, False)
2024-03-23 21:59:24,380 - INFO - 57: (1, 3, 0.0, 0, False, False)
2024-03-23 21:59:24,380 - INFO - 58: (0, 2, 0.0, 1, False, False)
2024-03-23 21:59:24,380 - INFO - 59: (1, 2, 0.0, 1, False, False)
2024-03-23 21:59:24,380 - INFO - 60: (1, 0, 0.0, 5, True, False)
2024-03-23 21:59:24,380 - INFO - 61: (0, 1, 0.0, 0, False, True)
2024-03-23 21:59:24,380 - INFO - 62: (0, 3, 0.0, 1, False, False)
2024-03-23 21:59:24,380 - INFO - 63: (1, 0, 0.0, 0, False, False)
2024-03-23 21:59:24,380 - INFO - 64: (0, 0, 0.0, 4, False, False)
2024-03-23 21:59:24,380 - INFO - 65: (4, 3, 0.0, 4, False, False)
2024-03-23 21:59:24,380 - INFO - 66: (4, 3, 0.0, 0, False, False)
2024-03-23 21:59:24,380 - INFO - 67: (0, 2, 0.0, 0, False, False)
2024-03-23 21:59:24,380 - INFO - 68: (0, 1, 0.0, 0, False, False)
2024-03-23 21:59:24,380 - INFO - 69: (0, 2, 0.0, 4, False, False)
2024-03-23 21:59:24,380 - INFO - 70: (4, 2, 0.0, 4, False, False)
2024-03-23 21:59:24,380 - INFO - 71: (4, 0, 0.0, 8, False, False)
2024-03-23 21:59:24,380 - INFO - 72: (8, 1, 0.0, 9, False, False)
2024-03-23 21:59:24,380 - INFO - 73: (9, 1, 0.0, 13, False, False)
2024-03-23 21:59:24,380 - INFO - 74: (13, 0, 0.0, 13, False, False)
2024-03-23 21:59:24,380 - INFO - 75: (13, 2, 0.0, 12, True, False)
2024-03-23 21:59:24,380 - INFO - 76: (0, 1, 0.0, 0, False, True)
2024-03-23 21:59:24,380 - INFO - 77: (0, 3, 0.0, 1, False, False)
2024-03-23 21:59:24,380 - INFO - 78: (1, 1, 0.0, 5, True, False)
2024-03-23 21:59:24,380 - INFO - 79: (0, 3, 0.0, 0, False, True)
2024-03-23 21:59:24,380 - INFO - 80: (0, 3, 0.0, 0, False, False)
2024-03-23 21:59:24,380 - INFO - 81: (0, 3, 0.0, 0, False, False)
2024-03-23 21:59:24,380 - INFO - 82: (0, 3, 0.0, 0, False, False)
2024-03-23 21:59:24,380 - INFO - 83: (0, 1, 0.0, 1, False, False)
2024-03-23 21:59:24,380 - INFO - 84: (1, 1, 0.0, 5, True, False)
2024-03-23 21:59:24,380 - INFO - 85: (0, 0, 0.0, 0, False, True)
2024-03-23 21:59:24,380 - INFO - 86: (0, 3, 0.0, 0, False, False)
2024-03-23 21:59:24,380 - INFO - 87: (0, 1, 0.0, 4, False, False)
2024-03-23 21:59:24,380 - INFO - 88: (4, 3, 0.0, 0, False, False)
2024-03-23 21:59:24,380 - INFO - 89: (0, 1, 0.0, 1, False, False)
2024-03-23 21:59:24,380 - INFO - 90: (1, 2, 0.0, 2, False, False)
2024-03-23 21:59:24,380 - INFO - 91: (2, 2, 0.0, 1, False, False)
2024-03-23 21:59:24,380 - INFO - 92: (1, 2, 0.0, 2, False, False)
2024-03-23 21:59:24,380 - INFO - 93: (2, 1, 0.0, 1, False, False)
2024-03-23 21:59:24,380 - INFO - 94: (1, 3, 0.0, 2, False, False)
2024-03-23 21:59:24,380 - INFO - 95: (2, 3, 0.0, 1, False, False)
2024-03-23 21:59:24,381 - INFO - 96: (1, 0, 0.0, 0, False, False)
2024-03-23 21:59:24,381 - INFO - 97: (0, 2, 0.0, 1, False, False)
2024-03-23 21:59:24,381 - INFO - 98: (1, 3, 0.0, 1, False, False)
2024-03-23 21:59:24,381 - INFO - 99: (1, 2, 0.0, 5, True, False)
2024-03-23 21:59:24,381 - INFO - 100: (0, 2, 0.0, 4, False, True)
2024-03-23 22:17:20,749 - INFO - Tuples saved to ./data/simulated_tuples/FrozenLake-v1/simulated_tuples_v1.pkl
2024-03-23 22:17:20,749 - INFO - Summary Statistics for Simulated Environment:
2024-03-23 22:17:20,749 - INFO - Average Reward: 0.0048
2024-03-23 22:17:20,749 - INFO - Total Episodes: 10000
2024-03-23 22:17:20,749 - INFO - Total Dones: 10000
2024-03-23 22:17:20,749 - INFO - Reward Distribution: {0.0: 77826, 1.0: 48}
2024-03-23 22:17:20,749 - INFO - Top 100 Tuples:
2024-03-23 22:17:20,749 - INFO - 1: (0, 1, 0.0, 4, False, True)
2024-03-23 22:17:20,749 - INFO - 2: (4, 0, 0.0, 8, False, False)
2024-03-23 22:17:20,749 - INFO - 3: (8, 3, 0.0, 8, False, False)
2024-03-23 22:17:20,749 - INFO - 4: (8, 0, 0.0, 12, True, False)
2024-03-23 22:17:20,749 - INFO - 5: (0, 3, 0.0, 1, False, True)
2024-03-23 22:17:20,749 - INFO - 6: (1, 1, 0.0, 5, True, False)
2024-03-23 22:17:20,750 - INFO - 7: (0, 2, 0.0, 4, False, True)
2024-03-23 22:17:20,750 - INFO - 8: (4, 3, 0.0, 0, False, False)
2024-03-23 22:17:20,750 - INFO - 9: (0, 0, 0.0, 0, False, False)
2024-03-23 22:17:20,750 - INFO - 10: (0, 2, 0.0, 1, False, False)
2024-03-23 22:17:20,750 - INFO - 11: (1, 0, 0.0, 1, False, False)
2024-03-23 22:17:20,750 - INFO - 12: (1, 2, 0.0, 1, False, False)
2024-03-23 22:17:20,750 - INFO - 13: (1, 1, 0.0, 5, True, False)
2024-03-23 22:17:20,750 - INFO - 14: (0, 2, 0.0, 1, False, True)
2024-03-23 22:17:20,750 - INFO - 15: (1, 2, 0.0, 1, False, False)
2024-03-23 22:17:20,750 - INFO - 16: (1, 0, 0.0, 0, False, False)
2024-03-23 22:17:20,750 - INFO - 17: (0, 3, 0.0, 0, False, False)
2024-03-23 22:17:20,750 - INFO - 18: (0, 0, 0.0, 0, False, False)
2024-03-23 22:17:20,750 - INFO - 19: (0, 3, 0.0, 1, False, False)
2024-03-23 22:17:20,750 - INFO - 20: (1, 2, 0.0, 1, False, False)
2024-03-23 22:17:20,750 - INFO - 21: (1, 0, 0.0, 0, False, False)
2024-03-23 22:17:20,750 - INFO - 22: (0, 2, 0.0, 4, False, False)
2024-03-23 22:17:20,750 - INFO - 23: (4, 2, 0.0, 4, False, False)
2024-03-23 22:17:20,750 - INFO - 24: (4, 1, 0.0, 4, False, False)
2024-03-23 22:17:20,750 - INFO - 25: (4, 0, 0.0, 4, False, False)
2024-03-23 22:17:20,750 - INFO - 26: (4, 0, 0.0, 0, False, False)
2024-03-23 22:17:20,750 - INFO - 27: (0, 1, 0.0, 0, False, False)
2024-03-23 22:17:20,750 - INFO - 28: (0, 0, 0.0, 0, False, False)
2024-03-23 22:17:20,750 - INFO - 29: (0, 0, 0.0, 0, False, False)
2024-03-23 22:17:20,750 - INFO - 30: (0, 1, 0.0, 2, False, False)
2024-03-23 22:17:20,750 - INFO - 31: (2, 1, 0.0, 1, False, False)
2024-03-23 22:17:20,750 - INFO - 32: (1, 0, 0.0, 0, False, False)
2024-03-23 22:17:20,750 - INFO - 33: (0, 0, 0.0, 0, False, False)
2024-03-23 22:17:20,750 - INFO - 34: (0, 2, 0.0, 4, False, False)
2024-03-23 22:17:20,750 - INFO - 35: (4, 2, 0.0, 5, True, False)
2024-03-23 22:17:20,750 - INFO - 36: (0, 0, 0.0, 0, False, True)
2024-03-23 22:17:20,750 - INFO - 37: (0, 1, 0.0, 0, False, False)
2024-03-23 22:17:20,750 - INFO - 38: (0, 1, 0.0, 0, False, False)
2024-03-23 22:17:20,750 - INFO - 39: (0, 3, 0.0, 1, False, False)
2024-03-23 22:17:20,750 - INFO - 40: (1, 2, 0.0, 2, False, False)
2024-03-23 22:17:20,750 - INFO - 41: (2, 2, 0.0, 3, False, False)
2024-03-23 22:17:20,750 - INFO - 42: (3, 1, 0.0, 7, True, False)
2024-03-23 22:17:20,750 - INFO - 43: (0, 2, 0.0, 0, False, True)
2024-03-23 22:17:20,750 - INFO - 44: (0, 0, 0.0, 0, False, False)
2024-03-23 22:17:20,750 - INFO - 45: (0, 0, 0.0, 4, False, False)
2024-03-23 22:17:20,750 - INFO - 46: (4, 0, 0.0, 4, False, False)
2024-03-23 22:17:20,750 - INFO - 47: (4, 1, 0.0, 8, False, False)
2024-03-23 22:17:20,751 - INFO - 48: (8, 2, 0.0, 4, False, False)
2024-03-23 22:17:20,751 - INFO - 49: (4, 0, 0.0, 4, False, False)
2024-03-23 22:17:20,751 - INFO - 50: (4, 3, 0.0, 4, False, False)
2024-03-23 22:17:20,751 - INFO - 51: (4, 3, 0.0, 0, False, False)
2024-03-23 22:17:20,751 - INFO - 52: (0, 1, 0.0, 4, False, False)
2024-03-23 22:17:20,751 - INFO - 53: (4, 1, 0.0, 4, False, False)
2024-03-23 22:17:20,751 - INFO - 54: (4, 1, 0.0, 4, False, False)
2024-03-23 22:17:20,751 - INFO - 55: (4, 1, 0.0, 5, True, False)
2024-03-23 22:17:20,751 - INFO - 56: (0, 3, 0.0, 0, False, True)
2024-03-23 22:17:20,751 - INFO - 57: (0, 1, 0.0, 1, False, False)
2024-03-23 22:17:20,751 - INFO - 58: (1, 1, 0.0, 5, True, False)
2024-03-23 22:17:20,751 - INFO - 59: (0, 1, 0.0, 4, False, True)
2024-03-23 22:17:20,751 - INFO - 60: (4, 1, 0.0, 4, False, False)
2024-03-23 22:17:20,751 - INFO - 61: (4, 1, 0.0, 4, False, False)
2024-03-23 22:17:20,751 - INFO - 62: (4, 1, 0.0, 4, False, False)
2024-03-23 22:17:20,751 - INFO - 63: (4, 3, 0.0, 5, True, False)
2024-03-23 22:17:20,751 - INFO - 64: (0, 0, 0.0, 4, False, True)
2024-03-23 22:17:20,751 - INFO - 65: (4, 2, 0.0, 8, False, False)
2024-03-23 22:17:20,751 - INFO - 66: (8, 0, 0.0, 8, False, False)
2024-03-23 22:17:20,751 - INFO - 67: (8, 2, 0.0, 4, False, False)
2024-03-23 22:17:20,751 - INFO - 68: (4, 3, 0.0, 0, False, False)
2024-03-23 22:17:20,751 - INFO - 69: (0, 1, 0.0, 0, False, False)
2024-03-23 22:17:20,751 - INFO - 70: (0, 1, 0.0, 0, False, False)
2024-03-23 22:17:20,751 - INFO - 71: (0, 2, 0.0, 1, False, False)
2024-03-23 22:17:20,751 - INFO - 72: (1, 2, 0.0, 1, False, False)
2024-03-23 22:17:20,751 - INFO - 73: (1, 2, 0.0, 2, False, False)
2024-03-23 22:17:20,751 - INFO - 74: (2, 1, 0.0, 1, False, False)
2024-03-23 22:17:20,751 - INFO - 75: (1, 0, 0.0, 0, False, False)
2024-03-23 22:17:20,751 - INFO - 76: (0, 3, 0.0, 1, False, False)
2024-03-23 22:17:20,751 - INFO - 77: (1, 3, 0.0, 0, False, False)
2024-03-23 22:17:20,751 - INFO - 78: (0, 3, 0.0, 0, False, False)
2024-03-23 22:17:20,751 - INFO - 79: (0, 0, 0.0, 0, False, False)
2024-03-23 22:17:20,751 - INFO - 80: (0, 1, 0.0, 0, False, False)
2024-03-23 22:17:20,751 - INFO - 81: (0, 1, 0.0, 0, False, False)
2024-03-23 22:17:20,751 - INFO - 82: (0, 1, 0.0, 0, False, False)
2024-03-23 22:17:20,751 - INFO - 83: (0, 2, 0.0, 4, False, False)
2024-03-23 22:17:20,751 - INFO - 84: (4, 2, 0.0, 5, True, False)
2024-03-23 22:17:20,751 - INFO - 85: (0, 3, 0.0, 1, False, True)
2024-03-23 22:17:20,751 - INFO - 86: (1, 0, 0.0, 1, False, False)
2024-03-23 22:17:20,752 - INFO - 87: (1, 0, 0.0, 2, False, False)
2024-03-23 22:17:20,752 - INFO - 88: (2, 0, 0.0, 2, False, False)
2024-03-23 22:17:20,752 - INFO - 89: (2, 0, 0.0, 1, False, False)
2024-03-23 22:17:20,752 - INFO - 90: (1, 3, 0.0, 1, False, False)
2024-03-23 22:17:20,752 - INFO - 91: (1, 0, 0.0, 0, False, False)
2024-03-23 22:17:20,752 - INFO - 92: (0, 3, 0.0, 0, False, False)
2024-03-23 22:17:20,752 - INFO - 93: (0, 2, 0.0, 1, False, False)
2024-03-23 22:17:20,752 - INFO - 94: (1, 3, 0.0, 0, False, False)
2024-03-23 22:17:20,752 - INFO - 95: (0, 1, 0.0, 1, False, False)
2024-03-23 22:17:20,752 - INFO - 96: (1, 3, 0.0, 0, False, False)
2024-03-23 22:17:20,752 - INFO - 97: (0, 3, 0.0, 0, False, False)
2024-03-23 22:17:20,752 - INFO - 98: (0, 0, 0.0, 4, False, False)
2024-03-23 22:17:20,752 - INFO - 99: (4, 3, 0.0, 4, False, False)
2024-03-23 22:17:20,752 - INFO - 100: (4, 0, 0.0, 8, False, False)
