2024-03-16 14:24:10,818 - INFO - Tuples saved to ./data/simulated_tuples/FrozenLake-v1/simulated_tuples_v3.pkl
2024-03-16 14:24:10,819 - INFO - Summary Statistics for Simulated Environment:
2024-03-16 14:24:10,819 - INFO - Average Reward: 0.001
2024-03-16 14:24:10,819 - INFO - Total Episodes: 1000
2024-03-16 14:24:10,819 - INFO - Total Dones: 1000
2024-03-16 14:24:10,819 - INFO - Reward Distribution: {0.0: 7693, 1.0: 1}
2024-03-16 14:24:10,819 - INFO - Top 100 Tuples:
2024-03-16 14:24:10,819 - INFO - 1: (0, 1, 0.0, 4, False, True)
2024-03-16 14:24:10,819 - INFO - 2: (4, 1, 0.0, 5, True, False)
2024-03-16 14:24:10,819 - INFO - 3: (0, 0, 0.0, 4, False, True)
2024-03-16 14:24:10,819 - INFO - 4: (4, 2, 0.0, 5, True, False)
2024-03-16 14:24:10,819 - INFO - 5: (0, 1, 0.0, 4, False, True)
2024-03-16 14:24:10,819 - INFO - 6: (4, 3, 0.0, 0, False, False)
2024-03-16 14:24:10,819 - INFO - 7: (0, 3, 0.0, 0, False, False)
2024-03-16 14:24:10,819 - INFO - 8: (0, 3, 0.0, 0, False, False)
2024-03-16 14:24:10,819 - INFO - 9: (0, 0, 0.0, 0, False, False)
2024-03-16 14:24:10,820 - INFO - 10: (0, 3, 0.0, 0, False, False)
2024-03-16 14:24:10,820 - INFO - 11: (0, 3, 0.0, 1, False, False)
2024-03-16 14:24:10,820 - INFO - 12: (1, 2, 0.0, 5, True, False)
2024-03-16 14:24:10,820 - INFO - 13: (0, 2, 0.0, 1, False, True)
2024-03-16 14:24:10,820 - INFO - 14: (1, 2, 0.0, 2, False, False)
2024-03-16 14:24:10,820 - INFO - 15: (2, 2, 0.0, 2, False, False)
2024-03-16 14:24:10,820 - INFO - 16: (2, 2, 0.0, 2, False, False)
2024-03-16 14:24:10,820 - INFO - 17: (2, 1, 0.0, 1, False, False)
2024-03-16 14:24:10,820 - INFO - 18: (1, 1, 0.0, 0, False, False)
2024-03-16 14:24:10,820 - INFO - 19: (0, 0, 0.0, 4, False, False)
2024-03-16 14:24:10,820 - INFO - 20: (4, 2, 0.0, 0, False, False)
2024-03-16 14:24:10,820 - INFO - 21: (0, 1, 0.0, 0, False, False)
2024-03-16 14:24:10,820 - INFO - 22: (0, 2, 0.0, 0, False, False)
2024-03-16 14:24:10,820 - INFO - 23: (0, 0, 0.0, 0, False, False)
2024-03-16 14:24:10,820 - INFO - 24: (0, 2, 0.0, 1, False, False)
2024-03-16 14:24:10,820 - INFO - 25: (1, 1, 0.0, 5, True, False)
2024-03-16 14:24:10,820 - INFO - 26: (0, 1, 0.0, 0, False, True)
2024-03-16 14:24:10,820 - INFO - 27: (0, 2, 0.0, 4, False, False)
2024-03-16 14:24:10,820 - INFO - 28: (4, 0, 0.0, 4, False, False)
2024-03-16 14:24:10,820 - INFO - 29: (4, 0, 0.0, 8, False, False)
2024-03-16 14:24:10,820 - INFO - 30: (8, 2, 0.0, 4, False, False)
2024-03-16 14:24:10,820 - INFO - 31: (4, 1, 0.0, 8, False, False)
2024-03-16 14:24:10,820 - INFO - 32: (8, 2, 0.0, 9, False, False)
2024-03-16 14:24:10,820 - INFO - 33: (9, 2, 0.0, 5, False, False)
2024-03-16 14:24:10,820 - INFO - 34: (5, 3, 0.0, 0, False, False)
2024-03-16 14:24:10,820 - INFO - 35: (0, 2, 0.0, 1, False, False)
2024-03-16 14:24:10,820 - INFO - 36: (1, 2, 0.0, 2, False, False)
2024-03-16 14:24:10,820 - INFO - 37: (2, 0, 0.0, 6, False, False)
2024-03-16 14:24:10,820 - INFO - 38: (6, 0, 0.0, 5, True, False)
2024-03-16 14:24:10,820 - INFO - 39: (0, 1, 0.0, 1, False, True)
2024-03-16 14:24:10,820 - INFO - 40: (1, 1, 0.0, 5, True, False)
2024-03-16 14:24:10,820 - INFO - 41: (0, 3, 0.0, 0, False, True)
2024-03-16 14:24:10,820 - INFO - 42: (0, 0, 0.0, 4, False, False)
2024-03-16 14:24:10,820 - INFO - 43: (4, 3, 0.0, 0, False, False)
2024-03-16 14:24:10,820 - INFO - 44: (0, 0, 0.0, 0, False, False)
2024-03-16 14:24:10,820 - INFO - 45: (0, 0, 0.0, 4, False, False)
2024-03-16 14:24:10,820 - INFO - 46: (4, 3, 0.0, 1, False, False)
2024-03-16 14:24:10,820 - INFO - 47: (1, 3, 0.0, 1, False, False)
2024-03-16 14:24:10,820 - INFO - 48: (1, 3, 0.0, 2, False, False)
2024-03-16 14:24:10,820 - INFO - 49: (2, 1, 0.0, 6, False, False)
2024-03-16 14:24:10,820 - INFO - 50: (6, 1, 0.0, 7, True, False)
2024-03-16 14:24:10,820 - INFO - 51: (0, 1, 0.0, 0, False, True)
2024-03-16 14:24:10,820 - INFO - 52: (0, 0, 0.0, 0, False, False)
2024-03-16 14:24:10,820 - INFO - 53: (0, 2, 0.0, 4, False, False)
2024-03-16 14:24:10,820 - INFO - 54: (4, 0, 0.0, 0, False, False)
2024-03-16 14:24:10,820 - INFO - 55: (0, 2, 0.0, 4, False, False)
2024-03-16 14:24:10,820 - INFO - 56: (4, 0, 0.0, 4, False, False)
2024-03-16 14:24:10,820 - INFO - 57: (4, 0, 0.0, 4, False, False)
2024-03-16 14:24:10,820 - INFO - 58: (4, 0, 0.0, 4, False, False)
2024-03-16 14:24:10,820 - INFO - 59: (4, 1, 0.0, 8, False, False)
2024-03-16 14:24:10,820 - INFO - 60: (8, 2, 0.0, 8, False, False)
2024-03-16 14:24:10,821 - INFO - 61: (8, 1, 0.0, 12, True, False)
2024-03-16 14:24:10,821 - INFO - 62: (0, 3, 0.0, 0, False, True)
2024-03-16 14:24:10,821 - INFO - 63: (0, 0, 0.0, 0, False, False)
2024-03-16 14:24:10,821 - INFO - 64: (0, 2, 0.0, 0, False, False)
2024-03-16 14:24:10,821 - INFO - 65: (0, 2, 0.0, 0, False, False)
2024-03-16 14:24:10,821 - INFO - 66: (0, 3, 0.0, 1, False, False)
2024-03-16 14:24:10,821 - INFO - 67: (1, 1, 0.0, 1, False, False)
2024-03-16 14:24:10,821 - INFO - 68: (1, 3, 0.0, 1, False, False)
2024-03-16 14:24:10,821 - INFO - 69: (1, 2, 0.0, 2, False, False)
2024-03-16 14:24:10,821 - INFO - 70: (2, 3, 0.0, 3, False, False)
2024-03-16 14:24:10,821 - INFO - 71: (3, 1, 0.0, 7, True, False)
2024-03-16 14:24:10,821 - INFO - 72: (0, 0, 0.0, 0, False, True)
2024-03-16 14:24:10,821 - INFO - 73: (0, 1, 0.0, 4, False, False)
2024-03-16 14:24:10,821 - INFO - 74: (4, 2, 0.0, 0, False, False)
2024-03-16 14:24:10,821 - INFO - 75: (0, 1, 0.0, 4, False, False)
2024-03-16 14:24:10,821 - INFO - 76: (4, 0, 0.0, 8, False, False)
2024-03-16 14:24:10,821 - INFO - 77: (8, 2, 0.0, 8, False, False)
2024-03-16 14:24:10,821 - INFO - 78: (8, 3, 0.0, 4, False, False)
2024-03-16 14:24:10,821 - INFO - 79: (4, 2, 0.0, 5, True, False)
2024-03-16 14:24:10,821 - INFO - 80: (0, 0, 0.0, 4, False, True)
2024-03-16 14:24:10,821 - INFO - 81: (4, 0, 0.0, 0, False, False)
2024-03-16 14:24:10,821 - INFO - 82: (0, 1, 0.0, 0, False, False)
2024-03-16 14:24:10,821 - INFO - 83: (0, 0, 0.0, 0, False, False)
2024-03-16 14:24:10,821 - INFO - 84: (0, 0, 0.0, 4, False, False)
2024-03-16 14:24:10,821 - INFO - 85: (4, 3, 0.0, 5, True, False)
2024-03-16 14:24:10,821 - INFO - 86: (0, 3, 0.0, 1, False, True)
2024-03-16 14:24:10,821 - INFO - 87: (1, 0, 0.0, 0, False, False)
2024-03-16 14:24:10,821 - INFO - 88: (0, 1, 0.0, 1, False, False)
2024-03-16 14:24:10,821 - INFO - 89: (1, 2, 0.0, 5, True, False)
2024-03-16 14:24:10,821 - INFO - 90: (0, 2, 0.0, 1, False, True)
2024-03-16 14:24:10,821 - INFO - 91: (1, 3, 0.0, 1, False, False)
2024-03-16 14:24:10,821 - INFO - 92: (1, 1, 0.0, 5, True, False)
2024-03-16 14:24:10,821 - INFO - 93: (0, 1, 0.0, 0, False, True)
2024-03-16 14:24:10,821 - INFO - 94: (0, 2, 0.0, 4, False, False)
2024-03-16 14:24:10,821 - INFO - 95: (4, 1, 0.0, 5, True, False)
2024-03-16 14:24:10,821 - INFO - 96: (0, 3, 0.0, 0, False, True)
2024-03-16 14:24:10,821 - INFO - 97: (0, 0, 0.0, 1, False, False)
2024-03-16 14:24:10,821 - INFO - 98: (1, 1, 0.0, 5, True, False)
2024-03-16 14:24:10,821 - INFO - 99: (0, 0, 0.0, 0, False, True)
2024-03-16 14:24:10,821 - INFO - 100: (0, 3, 0.0, 0, False, False)
2024-03-16 14:24:35,528 - INFO - Sample Real Environment Tuples:
2024-03-16 14:24:35,528 - INFO - (0, 0, 0.0, 0, False, True)
2024-03-16 14:24:35,528 - INFO - (0, 1, 0.0, 0, False, False)
2024-03-16 14:24:35,528 - INFO - (0, 3, 0.0, 0, False, False)
2024-03-16 14:24:35,528 - INFO - (0, 2, 0.0, 0, False, False)
2024-03-16 14:24:35,528 - INFO - (0, 3, 0.0, 0, False, False)
2024-03-16 14:24:35,528 - INFO - Sample Simulated Environment Tuples:
2024-03-16 14:24:35,528 - INFO - (0, 1, 0.0, 4, False, True)
2024-03-16 14:24:35,528 - INFO - (4, 1, 0.0, 5, True, False)
2024-03-16 14:24:35,528 - INFO - (0, 0, 0.0, 4, False, True)
2024-03-16 14:24:35,528 - INFO - (4, 2, 0.0, 5, True, False)
2024-03-16 14:24:35,528 - INFO - (0, 1, 0.0, 4, False, True)
2024-03-16 14:24:35,528 - INFO - Real Environment Metrics:
2024-03-16 14:24:35,604 - INFO - Real Environment - Mean Reward: 0.0020, Mean Episode Length: 7.68
2024-03-16 14:24:35,604 - INFO - Real Environment - Number of Episodes: 10000, Number of steps: 76815
2024-03-16 14:24:35,605 - INFO - Simulated Environment Metrics:
2024-03-16 14:24:35,606 - INFO - Simulated Environment - Mean Reward: 0.0001, Mean Episode Length: 7.69
2024-03-16 14:24:35,606 - INFO - Simulated Environment - Number of Episodes: 1000, Number of steps: 7694
2024-03-16 14:24:35,606 - INFO - Real Environment Distributions:
2024-03-16 14:24:35,627 - INFO - Real Environment - State-Action: (0, 0)
2024-03-16 14:24:35,628 - INFO -   Real Environment - Next_states Distribution: {0: 5386, 4: 2711}
2024-03-16 14:24:35,628 - INFO -   Real Environment - Rewards Distribution: {0.0: 8097}
2024-03-16 14:24:35,628 - INFO -   Real Environment - Dones Distribution: True - 0, False - 8097
2024-03-16 14:24:35,629 - INFO - Real Environment - State-Action: (0, 1)
2024-03-16 14:24:35,629 - INFO -   Real Environment - Next_states Distribution: {0: 2760, 1: 2738, 4: 2732}
2024-03-16 14:24:35,629 - INFO -   Real Environment - Rewards Distribution: {0.0: 8230}
2024-03-16 14:24:35,629 - INFO -   Real Environment - Dones Distribution: True - 0, False - 8230
2024-03-16 14:24:35,630 - INFO - Real Environment - State-Action: (0, 2)
2024-03-16 14:24:35,630 - INFO -   Real Environment - Next_states Distribution: {0: 2674, 1: 2712, 4: 2772}
2024-03-16 14:24:35,630 - INFO -   Real Environment - Rewards Distribution: {0.0: 8158}
2024-03-16 14:24:35,630 - INFO -   Real Environment - Dones Distribution: True - 0, False - 8158
2024-03-16 14:24:35,630 - INFO - Real Environment - State-Action: (0, 3)
2024-03-16 14:24:35,631 - INFO -   Real Environment - Next_states Distribution: {0: 5470, 1: 2673}
2024-03-16 14:24:35,631 - INFO -   Real Environment - Rewards Distribution: {0.0: 8143}
2024-03-16 14:24:35,631 - INFO -   Real Environment - Dones Distribution: True - 0, False - 8143
2024-03-16 14:24:35,631 - INFO - Real Environment - State-Action: (1, 0)
2024-03-16 14:24:35,631 - INFO -   Real Environment - Next_states Distribution: {0: 1013, 1: 1052, 5: 1036}
2024-03-16 14:24:35,631 - INFO -   Real Environment - Rewards Distribution: {0.0: 3101}
2024-03-16 14:24:35,631 - INFO -   Real Environment - Dones Distribution: True - 1036, False - 2065
2024-03-16 14:24:35,631 - INFO - Real Environment - State-Action: (1, 1)
2024-03-16 14:24:35,631 - INFO -   Real Environment - Next_states Distribution: {0: 1137, 2: 1105, 5: 1106}
2024-03-16 14:24:35,633 - INFO -   Real Environment - Rewards Distribution: {0.0: 3348}
2024-03-16 14:24:35,633 - INFO -   Real Environment - Dones Distribution: True - 1106, False - 2242
2024-03-16 14:24:35,633 - INFO - Real Environment - State-Action: (1, 2)
2024-03-16 14:24:35,633 - INFO -   Real Environment - Next_states Distribution: {1: 1034, 2: 1031, 5: 1051}
2024-03-16 14:24:35,633 - INFO -   Real Environment - Rewards Distribution: {0.0: 3116}
2024-03-16 14:24:35,633 - INFO -   Real Environment - Dones Distribution: True - 1051, False - 2065
2024-03-16 14:24:35,633 - INFO - Real Environment - State-Action: (1, 3)
2024-03-16 14:24:35,633 - INFO -   Real Environment - Next_states Distribution: {0: 1074, 1: 1007, 2: 1053}
2024-03-16 14:24:35,633 - INFO -   Real Environment - Rewards Distribution: {0.0: 3134}
2024-03-16 14:24:35,634 - INFO -   Real Environment - Dones Distribution: True - 0, False - 3134
2024-03-16 14:24:35,634 - INFO - Real Environment - State-Action: (2, 0)
2024-03-16 14:24:35,634 - INFO -   Real Environment - Next_states Distribution: {1: 482, 2: 484, 6: 507}
2024-03-16 14:24:35,634 - INFO -   Real Environment - Rewards Distribution: {0.0: 1473}
2024-03-16 14:24:35,634 - INFO -   Real Environment - Dones Distribution: True - 0, False - 1473
2024-03-16 14:24:35,634 - INFO - Real Environment - State-Action: (2, 1)
2024-03-16 14:24:35,634 - INFO -   Real Environment - Next_states Distribution: {1: 515, 3: 467, 6: 472}
2024-03-16 14:24:35,634 - INFO -   Real Environment - Rewards Distribution: {0.0: 1454}
2024-03-16 14:24:35,634 - INFO -   Real Environment - Dones Distribution: True - 0, False - 1454
2024-03-16 14:24:35,634 - INFO - Real Environment - State-Action: (2, 2)
2024-03-16 14:24:35,634 - INFO -   Real Environment - Next_states Distribution: {2: 479, 3: 461, 6: 463}
2024-03-16 14:24:35,634 - INFO -   Real Environment - Rewards Distribution: {0.0: 1403}
2024-03-16 14:24:35,634 - INFO -   Real Environment - Dones Distribution: True - 0, False - 1403
2024-03-16 14:24:35,634 - INFO - Real Environment - State-Action: (2, 3)
2024-03-16 14:24:35,634 - INFO -   Real Environment - Next_states Distribution: {1: 486, 2: 489, 3: 479}
2024-03-16 14:24:35,634 - INFO -   Real Environment - Rewards Distribution: {0.0: 1454}
2024-03-16 14:24:35,634 - INFO -   Real Environment - Dones Distribution: True - 0, False - 1454
2024-03-16 14:24:35,634 - INFO - Real Environment - State-Action: (3, 0)
2024-03-16 14:24:35,635 - INFO -   Real Environment - Next_states Distribution: {2: 244, 3: 248, 7: 253}
2024-03-16 14:24:35,635 - INFO -   Real Environment - Rewards Distribution: {0.0: 745}
2024-03-16 14:24:35,635 - INFO -   Real Environment - Dones Distribution: True - 253, False - 492
2024-03-16 14:24:35,635 - INFO - Real Environment - State-Action: (3, 1)
2024-03-16 14:24:35,635 - INFO -   Real Environment - Next_states Distribution: {2: 236, 3: 223, 7: 226}
2024-03-16 14:24:35,635 - INFO -   Real Environment - Rewards Distribution: {0.0: 685}
2024-03-16 14:24:35,635 - INFO -   Real Environment - Dones Distribution: True - 226, False - 459
2024-03-16 14:24:35,635 - INFO - Real Environment - State-Action: (3, 2)
2024-03-16 14:24:35,635 - INFO -   Real Environment - Next_states Distribution: {3: 487, 7: 223}
2024-03-16 14:24:35,635 - INFO -   Real Environment - Rewards Distribution: {0.0: 710}
2024-03-16 14:24:35,635 - INFO -   Real Environment - Dones Distribution: True - 223, False - 487
2024-03-16 14:24:35,635 - INFO - Real Environment - State-Action: (3, 3)
2024-03-16 14:24:35,635 - INFO -   Real Environment - Next_states Distribution: {2: 225, 3: 502}
2024-03-16 14:24:35,635 - INFO -   Real Environment - Rewards Distribution: {0.0: 727}
2024-03-16 14:24:35,635 - INFO -   Real Environment - Dones Distribution: True - 0, False - 727
2024-03-16 14:24:35,635 - INFO - Real Environment - State-Action: (4, 0)
2024-03-16 14:24:35,635 - INFO -   Real Environment - Next_states Distribution: {0: 1015, 4: 1084, 8: 1051}
2024-03-16 14:24:35,636 - INFO -   Real Environment - Rewards Distribution: {0.0: 3150}
2024-03-16 14:24:35,636 - INFO -   Real Environment - Dones Distribution: True - 0, False - 3150
2024-03-16 14:24:35,636 - INFO - Real Environment - State-Action: (4, 1)
2024-03-16 14:24:35,636 - INFO -   Real Environment - Next_states Distribution: {4: 1040, 5: 996, 8: 1028}
2024-03-16 14:24:35,636 - INFO -   Real Environment - Rewards Distribution: {0.0: 3064}
2024-03-16 14:24:35,636 - INFO -   Real Environment - Dones Distribution: True - 996, False - 2068
2024-03-16 14:24:35,636 - INFO - Real Environment - State-Action: (4, 2)
2024-03-16 14:24:35,636 - INFO -   Real Environment - Next_states Distribution: {0: 1044, 5: 1075, 8: 1091}
2024-03-16 14:24:35,636 - INFO -   Real Environment - Rewards Distribution: {0.0: 3210}
2024-03-16 14:24:35,636 - INFO -   Real Environment - Dones Distribution: True - 1075, False - 2135
2024-03-16 14:24:35,636 - INFO - Real Environment - State-Action: (4, 3)
2024-03-16 14:24:35,637 - INFO -   Real Environment - Next_states Distribution: {0: 1055, 4: 1011, 5: 1012}
2024-03-16 14:24:35,637 - INFO -   Real Environment - Rewards Distribution: {0.0: 3078}
2024-03-16 14:24:35,637 - INFO -   Real Environment - Dones Distribution: True - 1012, False - 2066
2024-03-16 14:24:35,637 - INFO - Real Environment - State-Action: (6, 0)
2024-03-16 14:24:35,637 - INFO -   Real Environment - Next_states Distribution: {2: 156, 5: 139, 10: 115}
2024-03-16 14:24:35,637 - INFO -   Real Environment - Rewards Distribution: {0.0: 410}
2024-03-16 14:24:35,637 - INFO -   Real Environment - Dones Distribution: True - 139, False - 271
2024-03-16 14:24:35,637 - INFO - Real Environment - State-Action: (6, 1)
2024-03-16 14:24:35,637 - INFO -   Real Environment - Next_states Distribution: {5: 143, 7: 148, 10: 162}
2024-03-16 14:24:35,637 - INFO -   Real Environment - Rewards Distribution: {0.0: 453}
2024-03-16 14:24:35,637 - INFO -   Real Environment - Dones Distribution: True - 291, False - 162
2024-03-16 14:24:35,637 - INFO - Real Environment - State-Action: (6, 2)
2024-03-16 14:24:35,637 - INFO -   Real Environment - Next_states Distribution: {2: 130, 7: 145, 10: 156}
2024-03-16 14:24:35,637 - INFO -   Real Environment - Rewards Distribution: {0.0: 431}
2024-03-16 14:24:35,637 - INFO -   Real Environment - Dones Distribution: True - 145, False - 286
2024-03-16 14:24:35,637 - INFO - Real Environment - State-Action: (6, 3)
2024-03-16 14:24:35,637 - INFO -   Real Environment - Next_states Distribution: {2: 152, 5: 132, 7: 136}
2024-03-16 14:24:35,637 - INFO -   Real Environment - Rewards Distribution: {0.0: 420}
2024-03-16 14:24:35,637 - INFO -   Real Environment - Dones Distribution: True - 268, False - 152
2024-03-16 14:24:35,637 - INFO - Real Environment - State-Action: (8, 0)
2024-03-16 14:24:35,638 - INFO -   Real Environment - Next_states Distribution: {4: 364, 8: 411, 12: 449}
2024-03-16 14:24:35,638 - INFO -   Real Environment - Rewards Distribution: {0.0: 1224}
2024-03-16 14:24:35,638 - INFO -   Real Environment - Dones Distribution: True - 449, False - 775
2024-03-16 14:24:35,638 - INFO - Real Environment - State-Action: (8, 1)
2024-03-16 14:24:35,638 - INFO -   Real Environment - Next_states Distribution: {8: 416, 9: 414, 12: 386}
2024-03-16 14:24:35,638 - INFO -   Real Environment - Rewards Distribution: {0.0: 1216}
2024-03-16 14:24:35,638 - INFO -   Real Environment - Dones Distribution: True - 386, False - 830
2024-03-16 14:24:35,638 - INFO - Real Environment - State-Action: (8, 2)
2024-03-16 14:24:35,638 - INFO -   Real Environment - Next_states Distribution: {4: 399, 9: 374, 12: 415}
2024-03-16 14:24:35,638 - INFO -   Real Environment - Rewards Distribution: {0.0: 1188}
2024-03-16 14:24:35,638 - INFO -   Real Environment - Dones Distribution: True - 415, False - 773
2024-03-16 14:24:35,638 - INFO - Real Environment - State-Action: (8, 3)
2024-03-16 14:24:35,638 - INFO -   Real Environment - Next_states Distribution: {4: 389, 8: 372, 9: 391}
2024-03-16 14:24:35,638 - INFO -   Real Environment - Rewards Distribution: {0.0: 1152}
2024-03-16 14:24:35,638 - INFO -   Real Environment - Dones Distribution: True - 0, False - 1152
2024-03-16 14:24:35,638 - INFO - Real Environment - State-Action: (9, 0)
2024-03-16 14:24:35,638 - INFO -   Real Environment - Next_states Distribution: {5: 118, 8: 129, 13: 143}
2024-03-16 14:24:35,638 - INFO -   Real Environment - Rewards Distribution: {0.0: 390}
2024-03-16 14:24:35,638 - INFO -   Real Environment - Dones Distribution: True - 118, False - 272
2024-03-16 14:24:35,638 - INFO - Real Environment - State-Action: (9, 1)
2024-03-16 14:24:35,639 - INFO -   Real Environment - Next_states Distribution: {8: 135, 10: 115, 13: 144}
2024-03-16 14:24:35,639 - INFO -   Real Environment - Rewards Distribution: {0.0: 394}
2024-03-16 14:24:35,639 - INFO -   Real Environment - Dones Distribution: True - 0, False - 394
2024-03-16 14:24:35,639 - INFO - Real Environment - State-Action: (9, 2)
2024-03-16 14:24:35,639 - INFO -   Real Environment - Next_states Distribution: {5: 129, 10: 134, 13: 137}
2024-03-16 14:24:35,639 - INFO -   Real Environment - Rewards Distribution: {0.0: 400}
2024-03-16 14:24:35,639 - INFO -   Real Environment - Dones Distribution: True - 129, False - 271
2024-03-16 14:24:35,639 - INFO - Real Environment - State-Action: (9, 3)
2024-03-16 14:24:35,639 - INFO -   Real Environment - Next_states Distribution: {5: 115, 8: 147, 10: 127}
2024-03-16 14:24:35,639 - INFO -   Real Environment - Rewards Distribution: {0.0: 389}
2024-03-16 14:24:35,639 - INFO -   Real Environment - Dones Distribution: True - 115, False - 274
2024-03-16 14:24:35,639 - INFO - Real Environment - State-Action: (10, 0)
2024-03-16 14:24:35,639 - INFO -   Real Environment - Next_states Distribution: {6: 95, 9: 72, 14: 82}
2024-03-16 14:24:35,639 - INFO -   Real Environment - Rewards Distribution: {0.0: 249}
2024-03-16 14:24:35,639 - INFO -   Real Environment - Dones Distribution: True - 0, False - 249
2024-03-16 14:24:35,639 - INFO - Real Environment - State-Action: (10, 1)
2024-03-16 14:24:35,639 - INFO -   Real Environment - Next_states Distribution: {9: 64, 11: 86, 14: 79}
2024-03-16 14:24:35,639 - INFO -   Real Environment - Rewards Distribution: {0.0: 229}
2024-03-16 14:24:35,639 - INFO -   Real Environment - Dones Distribution: True - 86, False - 143
2024-03-16 14:24:35,639 - INFO - Real Environment - State-Action: (10, 2)
2024-03-16 14:24:35,639 - INFO -   Real Environment - Next_states Distribution: {6: 80, 11: 76, 14: 67}
2024-03-16 14:24:35,639 - INFO -   Real Environment - Rewards Distribution: {0.0: 223}
2024-03-16 14:24:35,639 - INFO -   Real Environment - Dones Distribution: True - 76, False - 147
2024-03-16 14:24:35,639 - INFO - Real Environment - State-Action: (10, 3)
2024-03-16 14:24:35,639 - INFO -   Real Environment - Next_states Distribution: {6: 97, 9: 71, 11: 86}
2024-03-16 14:24:35,639 - INFO -   Real Environment - Rewards Distribution: {0.0: 254}
2024-03-16 14:24:35,639 - INFO -   Real Environment - Dones Distribution: True - 86, False - 168
2024-03-16 14:24:35,639 - INFO - Real Environment - State-Action: (13, 0)
2024-03-16 14:24:35,640 - INFO -   Real Environment - Next_states Distribution: {9: 63, 12: 59, 13: 48}
2024-03-16 14:24:35,640 - INFO -   Real Environment - Rewards Distribution: {0.0: 170}
2024-03-16 14:24:35,640 - INFO -   Real Environment - Dones Distribution: True - 59, False - 111
2024-03-16 14:24:35,640 - INFO - Real Environment - State-Action: (13, 1)
2024-03-16 14:24:35,640 - INFO -   Real Environment - Next_states Distribution: {12: 53, 13: 74, 14: 68}
2024-03-16 14:24:35,640 - INFO -   Real Environment - Rewards Distribution: {0.0: 195}
2024-03-16 14:24:35,640 - INFO -   Real Environment - Dones Distribution: True - 53, False - 142
2024-03-16 14:24:35,640 - INFO - Real Environment - State-Action: (13, 2)
2024-03-16 14:24:35,640 - INFO -   Real Environment - Next_states Distribution: {9: 64, 13: 59, 14: 52}
2024-03-16 14:24:35,640 - INFO -   Real Environment - Rewards Distribution: {0.0: 175}
2024-03-16 14:24:35,640 - INFO -   Real Environment - Dones Distribution: True - 0, False - 175
2024-03-16 14:24:35,640 - INFO - Real Environment - State-Action: (13, 3)
2024-03-16 14:24:35,640 - INFO -   Real Environment - Next_states Distribution: {9: 60, 12: 57, 14: 78}
2024-03-16 14:24:35,640 - INFO -   Real Environment - Rewards Distribution: {0.0: 195}
2024-03-16 14:24:35,640 - INFO -   Real Environment - Dones Distribution: True - 57, False - 138
2024-03-16 14:24:35,640 - INFO - Real Environment - State-Action: (14, 0)
2024-03-16 14:24:35,640 - INFO -   Real Environment - Next_states Distribution: {10: 43, 13: 47, 14: 53}
2024-03-16 14:24:35,640 - INFO -   Real Environment - Rewards Distribution: {0.0: 143}
2024-03-16 14:24:35,640 - INFO -   Real Environment - Dones Distribution: True - 0, False - 143
2024-03-16 14:24:35,640 - INFO - Real Environment - State-Action: (14, 1)
2024-03-16 14:24:35,640 - INFO -   Real Environment - Next_states Distribution: {13: 46, 14: 50, 15: 60}
2024-03-16 14:24:35,640 - INFO -   Real Environment - Rewards Distribution: {0.0: 96, 1.0: 60}
2024-03-16 14:24:35,640 - INFO -   Real Environment - Dones Distribution: True - 60, False - 96
2024-03-16 14:24:35,640 - INFO - Real Environment - State-Action: (14, 2)
2024-03-16 14:24:35,640 - INFO -   Real Environment - Next_states Distribution: {10: 49, 14: 49, 15: 44}
2024-03-16 14:24:35,640 - INFO -   Real Environment - Rewards Distribution: {0.0: 98, 1.0: 44}
2024-03-16 14:24:35,640 - INFO -   Real Environment - Dones Distribution: True - 44, False - 98
2024-03-16 14:24:35,640 - INFO - Real Environment - State-Action: (14, 3)
2024-03-16 14:24:35,640 - INFO -   Real Environment - Next_states Distribution: {10: 54, 13: 37, 15: 46}
2024-03-16 14:24:35,640 - INFO -   Real Environment - Rewards Distribution: {0.0: 91, 1.0: 46}
2024-03-16 14:24:35,640 - INFO -   Real Environment - Dones Distribution: True - 46, False - 91
2024-03-16 14:24:35,643 - INFO - Simulated Environment Distributions:
2024-03-16 14:24:35,644 - INFO - Simulated Environment - State-Action: (0, 0)
2024-03-16 14:24:35,645 - INFO -   Simulated Environment - Next_states Distribution: {0: 583, 1: 24, 4: 277, 5: 1, 8: 2, 9: 1}
2024-03-16 14:24:35,645 - INFO -   Simulated Environment - Rewards Distribution: {0.0: 888}
2024-03-16 14:24:35,645 - INFO -   Simulated Environment - Dones Distribution: True - 1, False - 887
2024-03-16 14:24:35,645 - INFO - Simulated Environment - State-Action: (0, 1)
2024-03-16 14:24:35,645 - INFO -   Simulated Environment - Next_states Distribution: {0: 315, 1: 244, 2: 1, 4: 280}
2024-03-16 14:24:35,645 - INFO -   Simulated Environment - Rewards Distribution: {0.0: 840}
2024-03-16 14:24:35,645 - INFO -   Simulated Environment - Dones Distribution: True - 0, False - 840
2024-03-16 14:24:35,645 - INFO - Simulated Environment - State-Action: (0, 2)
2024-03-16 14:24:35,645 - INFO -   Simulated Environment - Next_states Distribution: {0: 301, 1: 309, 2: 2, 4: 234, 11: 1}
2024-03-16 14:24:35,645 - INFO -   Simulated Environment - Rewards Distribution: {0.0: 847}
2024-03-16 14:24:35,645 - INFO -   Simulated Environment - Dones Distribution: True - 1, False - 846
2024-03-16 14:24:35,645 - INFO - Simulated Environment - State-Action: (0, 3)
2024-03-16 14:24:35,645 - INFO -   Simulated Environment - Next_states Distribution: {0: 539, 1: 254, 2: 1, 4: 57, 5: 1}
2024-03-16 14:24:35,645 - INFO -   Simulated Environment - Rewards Distribution: {0.0: 852}
2024-03-16 14:24:35,645 - INFO -   Simulated Environment - Dones Distribution: True - 1, False - 851
2024-03-16 14:24:35,645 - INFO - Simulated Environment - State-Action: (1, 0)
2024-03-16 14:24:35,646 - INFO -   Simulated Environment - Next_states Distribution: {0: 163, 1: 58, 2: 18, 4: 1, 5: 87, 8: 2}
2024-03-16 14:24:35,646 - INFO -   Simulated Environment - Rewards Distribution: {0.0: 329}
2024-03-16 14:24:35,646 - INFO -   Simulated Environment - Dones Distribution: True - 88, False - 241
2024-03-16 14:24:35,646 - INFO - Simulated Environment - State-Action: (1, 1)
2024-03-16 14:24:35,646 - INFO -   Simulated Environment - Next_states Distribution: {0: 55, 1: 52, 2: 93, 5: 128}
2024-03-16 14:24:35,646 - INFO -   Simulated Environment - Rewards Distribution: {0.0: 328}
2024-03-16 14:24:35,646 - INFO -   Simulated Environment - Dones Distribution: True - 127, False - 201
2024-03-16 14:24:35,646 - INFO - Simulated Environment - State-Action: (1, 2)
2024-03-16 14:24:35,646 - INFO -   Simulated Environment - Next_states Distribution: {0: 54, 1: 80, 2: 102, 5: 104}
2024-03-16 14:24:35,646 - INFO -   Simulated Environment - Rewards Distribution: {0.0: 340}
2024-03-16 14:24:35,646 - INFO -   Simulated Environment - Dones Distribution: True - 104, False - 236
2024-03-16 14:24:35,646 - INFO - Simulated Environment - State-Action: (1, 3)
2024-03-16 14:24:35,646 - INFO -   Simulated Environment - Next_states Distribution: {0: 54, 1: 113, 2: 115, 5: 31}
2024-03-16 14:24:35,646 - INFO -   Simulated Environment - Rewards Distribution: {0.0: 313}
2024-03-16 14:24:35,646 - INFO -   Simulated Environment - Dones Distribution: True - 31, False - 282
2024-03-16 14:24:35,646 - INFO - Simulated Environment - State-Action: (2, 0)
2024-03-16 14:24:35,646 - INFO -   Simulated Environment - Next_states Distribution: {1: 58, 2: 21, 3: 7, 6: 63, 7: 1}
2024-03-16 14:24:35,646 - INFO -   Simulated Environment - Rewards Distribution: {0.0: 150}
2024-03-16 14:24:35,646 - INFO -   Simulated Environment - Dones Distribution: True - 1, False - 149
2024-03-16 14:24:35,646 - INFO - Simulated Environment - State-Action: (2, 1)
2024-03-16 14:24:35,646 - INFO -   Simulated Environment - Next_states Distribution: {0: 1, 1: 37, 2: 40, 3: 24, 6: 43, 7: 4}
2024-03-16 14:24:35,646 - INFO -   Simulated Environment - Rewards Distribution: {0.0: 149}
2024-03-16 14:24:35,646 - INFO -   Simulated Environment - Dones Distribution: True - 4, False - 145
2024-03-16 14:24:35,646 - INFO - Simulated Environment - State-Action: (2, 2)
2024-03-16 14:24:35,646 - INFO -   Simulated Environment - Next_states Distribution: {1: 31, 2: 38, 3: 42, 6: 39, 7: 3}
2024-03-16 14:24:35,646 - INFO -   Simulated Environment - Rewards Distribution: {0.0: 153}
2024-03-16 14:24:35,646 - INFO -   Simulated Environment - Dones Distribution: True - 3, False - 150
2024-03-16 14:24:35,646 - INFO - Simulated Environment - State-Action: (2, 3)
2024-03-16 14:24:35,646 - INFO -   Simulated Environment - Next_states Distribution: {0: 1, 1: 32, 2: 40, 3: 38, 6: 12}
2024-03-16 14:24:35,646 - INFO -   Simulated Environment - Rewards Distribution: {0.0: 123}
2024-03-16 14:24:35,646 - INFO -   Simulated Environment - Dones Distribution: True - 0, False - 123
2024-03-16 14:24:35,646 - INFO - Simulated Environment - State-Action: (3, 0)
2024-03-16 14:24:35,646 - INFO -   Simulated Environment - Next_states Distribution: {1: 3, 2: 20, 3: 24, 5: 1, 7: 18}
2024-03-16 14:24:35,647 - INFO -   Simulated Environment - Rewards Distribution: {0.0: 66}
2024-03-16 14:24:35,647 - INFO -   Simulated Environment - Dones Distribution: True - 19, False - 47
2024-03-16 14:24:35,647 - INFO - Simulated Environment - State-Action: (3, 1)
2024-03-16 14:24:35,647 - INFO -   Simulated Environment - Next_states Distribution: {1: 1, 2: 11, 3: 28, 7: 16}
2024-03-16 14:24:35,647 - INFO -   Simulated Environment - Rewards Distribution: {0.0: 56}
2024-03-16 14:24:35,647 - INFO -   Simulated Environment - Dones Distribution: True - 16, False - 40
2024-03-16 14:24:35,647 - INFO - Simulated Environment - State-Action: (3, 2)
2024-03-16 14:24:35,647 - INFO -   Simulated Environment - Next_states Distribution: {2: 4, 3: 34, 6: 1, 7: 15}
2024-03-16 14:24:35,647 - INFO -   Simulated Environment - Rewards Distribution: {0.0: 54}
2024-03-16 14:24:35,647 - INFO -   Simulated Environment - Dones Distribution: True - 15, False - 39
2024-03-16 14:24:35,647 - INFO - Simulated Environment - State-Action: (3, 3)
2024-03-16 14:24:35,647 - INFO -   Simulated Environment - Next_states Distribution: {1: 2, 2: 18, 3: 35, 7: 5}
2024-03-16 14:24:35,647 - INFO -   Simulated Environment - Rewards Distribution: {0.0: 60}
2024-03-16 14:24:35,647 - INFO -   Simulated Environment - Dones Distribution: True - 5, False - 55
2024-03-16 14:24:35,647 - INFO - Simulated Environment - State-Action: (4, 0)
2024-03-16 14:24:35,647 - INFO -   Simulated Environment - Next_states Distribution: {0: 82, 4: 106, 5: 45, 8: 92}
2024-03-16 14:24:35,647 - INFO -   Simulated Environment - Rewards Distribution: {0.0: 325}
2024-03-16 14:24:35,647 - INFO -   Simulated Environment - Dones Distribution: True - 45, False - 280
2024-03-16 14:24:35,647 - INFO - Simulated Environment - State-Action: (4, 1)
2024-03-16 14:24:35,647 - INFO -   Simulated Environment - Next_states Distribution: {0: 49, 1: 1, 4: 58, 5: 89, 8: 100}
2024-03-16 14:24:35,647 - INFO -   Simulated Environment - Rewards Distribution: {0.0: 297}
2024-03-16 14:24:35,647 - INFO -   Simulated Environment - Dones Distribution: True - 89, False - 208
2024-03-16 14:24:35,647 - INFO - Simulated Environment - State-Action: (4, 2)
2024-03-16 14:24:35,647 - INFO -   Simulated Environment - Next_states Distribution: {0: 40, 2: 1, 4: 63, 5: 123, 8: 82, 9: 1}
2024-03-16 14:24:35,647 - INFO -   Simulated Environment - Rewards Distribution: {0.0: 310}
2024-03-16 14:24:35,647 - INFO -   Simulated Environment - Dones Distribution: True - 123, False - 187
2024-03-16 14:24:35,647 - INFO - Simulated Environment - State-Action: (4, 3)
2024-03-16 14:24:35,647 - INFO -   Simulated Environment - Next_states Distribution: {0: 174, 1: 5, 4: 42, 5: 64, 8: 15}
2024-03-16 14:24:35,647 - INFO -   Simulated Environment - Rewards Distribution: {0.0: 300}
2024-03-16 14:24:35,647 - INFO -   Simulated Environment - Dones Distribution: True - 64, False - 236
2024-03-16 14:24:35,647 - INFO - Simulated Environment - State-Action: (5, 0)
2024-03-16 14:24:35,647 - INFO -   Simulated Environment - Next_states Distribution: {0: 1}
2024-03-16 14:24:35,648 - INFO -   Simulated Environment - Rewards Distribution: {0.0: 1}
2024-03-16 14:24:35,648 - INFO -   Simulated Environment - Dones Distribution: True - 0, False - 1
2024-03-16 14:24:35,648 - INFO - Simulated Environment - State-Action: (5, 1)
2024-03-16 14:24:35,648 - INFO -   Simulated Environment - Next_states Distribution: {0: 1}
2024-03-16 14:24:35,648 - INFO -   Simulated Environment - Rewards Distribution: {0.0: 1}
2024-03-16 14:24:35,648 - INFO -   Simulated Environment - Dones Distribution: True - 0, False - 1
2024-03-16 14:24:35,648 - INFO - Simulated Environment - State-Action: (5, 3)
2024-03-16 14:24:35,648 - INFO -   Simulated Environment - Next_states Distribution: {0: 1, 2: 1}
2024-03-16 14:24:35,648 - INFO -   Simulated Environment - Rewards Distribution: {0.0: 2}
2024-03-16 14:24:35,648 - INFO -   Simulated Environment - Dones Distribution: True - 0, False - 2
2024-03-16 14:24:35,648 - INFO - Simulated Environment - State-Action: (6, 0)
2024-03-16 14:24:35,648 - INFO -   Simulated Environment - Next_states Distribution: {2: 15, 5: 22, 6: 1, 7: 2, 10: 14}
2024-03-16 14:24:35,648 - INFO -   Simulated Environment - Rewards Distribution: {0.0: 54}
2024-03-16 14:24:35,648 - INFO -   Simulated Environment - Dones Distribution: True - 24, False - 30
2024-03-16 14:24:35,648 - INFO - Simulated Environment - State-Action: (6, 1)
2024-03-16 14:24:35,648 - INFO -   Simulated Environment - Next_states Distribution: {2: 7, 5: 17, 7: 13, 10: 16, 13: 1}
2024-03-16 14:24:35,648 - INFO -   Simulated Environment - Rewards Distribution: {0.0: 54}
2024-03-16 14:24:35,648 - INFO -   Simulated Environment - Dones Distribution: True - 28, False - 26
2024-03-16 14:24:35,648 - INFO - Simulated Environment - State-Action: (6, 2)
2024-03-16 14:24:35,648 - INFO -   Simulated Environment - Next_states Distribution: {2: 10, 3: 1, 5: 7, 6: 1, 7: 16, 10: 9}
2024-03-16 14:24:35,648 - INFO -   Simulated Environment - Rewards Distribution: {0.0: 44}
2024-03-16 14:24:35,648 - INFO -   Simulated Environment - Dones Distribution: True - 23, False - 21
2024-03-16 14:24:35,648 - INFO - Simulated Environment - State-Action: (6, 3)
2024-03-16 14:24:35,648 - INFO -   Simulated Environment - Next_states Distribution: {1: 2, 2: 14, 5: 6, 7: 4, 10: 12}
2024-03-16 14:24:35,648 - INFO -   Simulated Environment - Rewards Distribution: {0.0: 38}
2024-03-16 14:24:35,648 - INFO -   Simulated Environment - Dones Distribution: True - 10, False - 28
2024-03-16 14:24:35,648 - INFO - Simulated Environment - State-Action: (8, 0)
2024-03-16 14:24:35,648 - INFO -   Simulated Environment - Next_states Distribution: {1: 1, 4: 25, 8: 25, 9: 13, 12: 31, 13: 1}
2024-03-16 14:24:35,648 - INFO -   Simulated Environment - Rewards Distribution: {0.0: 96}
2024-03-16 14:24:35,648 - INFO -   Simulated Environment - Dones Distribution: True - 31, False - 65
2024-03-16 14:24:35,648 - INFO - Simulated Environment - State-Action: (8, 1)
2024-03-16 14:24:35,648 - INFO -   Simulated Environment - Next_states Distribution: {4: 15, 8: 24, 9: 33, 12: 33, 13: 3, 14: 1}
2024-03-16 14:24:35,648 - INFO -   Simulated Environment - Rewards Distribution: {0.0: 109}
2024-03-16 14:24:35,648 - INFO -   Simulated Environment - Dones Distribution: True - 33, False - 76
2024-03-16 14:24:35,648 - INFO - Simulated Environment - State-Action: (8, 2)
2024-03-16 14:24:35,648 - INFO -   Simulated Environment - Next_states Distribution: {4: 14, 6: 1, 8: 17, 9: 31, 12: 31}
2024-03-16 14:24:35,648 - INFO -   Simulated Environment - Rewards Distribution: {0.0: 94}
2024-03-16 14:24:35,648 - INFO -   Simulated Environment - Dones Distribution: True - 31, False - 63
2024-03-16 14:24:35,648 - INFO - Simulated Environment - State-Action: (8, 3)
2024-03-16 14:24:35,648 - INFO -   Simulated Environment - Next_states Distribution: {0: 3, 4: 46, 8: 21, 9: 32, 12: 6, 13: 1}
2024-03-16 14:24:35,649 - INFO -   Simulated Environment - Rewards Distribution: {0.0: 109}
2024-03-16 14:24:35,649 - INFO -   Simulated Environment - Dones Distribution: True - 6, False - 103
2024-03-16 14:24:35,649 - INFO - Simulated Environment - State-Action: (9, 0)
2024-03-16 14:24:35,649 - INFO -   Simulated Environment - Next_states Distribution: {4: 3, 5: 2, 8: 9, 10: 5, 12: 1, 13: 14}
2024-03-16 14:24:35,649 - INFO -   Simulated Environment - Rewards Distribution: {0.0: 34}
2024-03-16 14:24:35,649 - INFO -   Simulated Environment - Dones Distribution: True - 3, False - 31
2024-03-16 14:24:35,649 - INFO - Simulated Environment - State-Action: (9, 1)
2024-03-16 14:24:35,649 - INFO -   Simulated Environment - Next_states Distribution: {5: 6, 7: 1, 8: 8, 10: 8, 12: 2, 13: 7}
2024-03-16 14:24:35,649 - INFO -   Simulated Environment - Rewards Distribution: {0.0: 32}
2024-03-16 14:24:35,649 - INFO -   Simulated Environment - Dones Distribution: True - 9, False - 23
2024-03-16 14:24:35,649 - INFO - Simulated Environment - State-Action: (9, 2)
2024-03-16 14:24:35,649 - INFO -   Simulated Environment - Next_states Distribution: {2: 2, 4: 1, 5: 12, 8: 3, 10: 12, 13: 6}
2024-03-16 14:24:35,649 - INFO -   Simulated Environment - Rewards Distribution: {0.0: 36}
2024-03-16 14:24:35,649 - INFO -   Simulated Environment - Dones Distribution: True - 11, False - 25
2024-03-16 14:24:35,649 - INFO - Simulated Environment - State-Action: (9, 3)
2024-03-16 14:24:35,649 - INFO -   Simulated Environment - Next_states Distribution: {1: 1, 5: 12, 7: 2, 8: 5, 10: 7, 13: 6}
2024-03-16 14:24:35,649 - INFO -   Simulated Environment - Rewards Distribution: {0.0: 33}
2024-03-16 14:24:35,649 - INFO -   Simulated Environment - Dones Distribution: True - 14, False - 19
2024-03-16 14:24:35,649 - INFO - Simulated Environment - State-Action: (10, 0)
2024-03-16 14:24:35,649 - INFO -   Simulated Environment - Next_states Distribution: {0: 1, 4: 1, 6: 5, 9: 4, 11: 3, 14: 7}
2024-03-16 14:24:35,649 - INFO -   Simulated Environment - Rewards Distribution: {0.0: 20, 1.0: 1}
2024-03-16 14:24:35,649 - INFO -   Simulated Environment - Dones Distribution: True - 3, False - 18
2024-03-16 14:24:35,649 - INFO - Simulated Environment - State-Action: (10, 1)
2024-03-16 14:24:35,649 - INFO -   Simulated Environment - Next_states Distribution: {4: 1, 6: 6, 9: 1, 11: 8, 12: 1, 14: 3}
2024-03-16 14:24:35,649 - INFO -   Simulated Environment - Rewards Distribution: {0.0: 20}
2024-03-16 14:24:35,649 - INFO -   Simulated Environment - Dones Distribution: True - 9, False - 11
2024-03-16 14:24:35,649 - INFO - Simulated Environment - State-Action: (10, 2)
2024-03-16 14:24:35,649 - INFO -   Simulated Environment - Next_states Distribution: {3: 1, 6: 6, 9: 2, 11: 5, 14: 8}
2024-03-16 14:24:35,649 - INFO -   Simulated Environment - Rewards Distribution: {0.0: 22}
2024-03-16 14:24:35,649 - INFO -   Simulated Environment - Dones Distribution: True - 5, False - 17
2024-03-16 14:24:35,649 - INFO - Simulated Environment - State-Action: (10, 3)
2024-03-16 14:24:35,649 - INFO -   Simulated Environment - Next_states Distribution: {0: 1, 1: 1, 6: 7, 9: 4, 11: 11, 14: 2}
2024-03-16 14:24:35,649 - INFO -   Simulated Environment - Rewards Distribution: {0.0: 26}
2024-03-16 14:24:35,649 - INFO -   Simulated Environment - Dones Distribution: True - 11, False - 15
2024-03-16 14:24:35,649 - INFO - Simulated Environment - State-Action: (13, 0)
2024-03-16 14:24:35,649 - INFO -   Simulated Environment - Next_states Distribution: {0: 4, 4: 4, 8: 1, 9: 4, 12: 3, 13: 3, 14: 1}
2024-03-16 14:24:35,649 - INFO -   Simulated Environment - Rewards Distribution: {0.0: 20}
2024-03-16 14:24:35,649 - INFO -   Simulated Environment - Dones Distribution: True - 3, False - 17
2024-03-16 14:24:35,649 - INFO - Simulated Environment - State-Action: (13, 1)
2024-03-16 14:24:35,649 - INFO -   Simulated Environment - Next_states Distribution: {0: 1, 4: 1, 9: 1, 11: 1, 13: 6, 14: 1}
2024-03-16 14:24:35,649 - INFO -   Simulated Environment - Rewards Distribution: {0.0: 11}
2024-03-16 14:24:35,649 - INFO -   Simulated Environment - Dones Distribution: True - 1, False - 10
2024-03-16 14:24:35,650 - INFO - Simulated Environment - State-Action: (13, 2)
2024-03-16 14:24:35,650 - INFO -   Simulated Environment - Next_states Distribution: {0: 2, 4: 1, 6: 1, 9: 1, 14: 7}
2024-03-16 14:24:35,650 - INFO -   Simulated Environment - Rewards Distribution: {0.0: 12}
2024-03-16 14:24:35,650 - INFO -   Simulated Environment - Dones Distribution: True - 0, False - 12
2024-03-16 14:24:35,650 - INFO - Simulated Environment - State-Action: (13, 3)
2024-03-16 14:24:35,650 - INFO -   Simulated Environment - Next_states Distribution: {0: 1, 4: 2, 9: 2, 12: 2, 13: 1, 14: 2}
2024-03-16 14:24:35,650 - INFO -   Simulated Environment - Rewards Distribution: {0.0: 10}
2024-03-16 14:24:35,650 - INFO -   Simulated Environment - Dones Distribution: True - 2, False - 8
2024-03-16 14:24:35,650 - INFO - Simulated Environment - State-Action: (14, 0)
2024-03-16 14:24:35,650 - INFO -   Simulated Environment - Next_states Distribution: {0: 1, 6: 2, 9: 2, 10: 1, 13: 1, 14: 1}
2024-03-16 14:24:35,650 - INFO -   Simulated Environment - Rewards Distribution: {0.0: 8}
2024-03-16 14:24:35,650 - INFO -   Simulated Environment - Dones Distribution: True - 0, False - 8
2024-03-16 14:24:35,650 - INFO - Simulated Environment - State-Action: (14, 1)
2024-03-16 14:24:35,650 - INFO -   Simulated Environment - Next_states Distribution: {8: 1, 9: 1, 10: 1, 12: 1, 13: 1, 14: 2}
2024-03-16 14:24:35,650 - INFO -   Simulated Environment - Rewards Distribution: {0.0: 7}
2024-03-16 14:24:35,650 - INFO -   Simulated Environment - Dones Distribution: True - 1, False - 6
2024-03-16 14:24:35,650 - INFO - Simulated Environment - State-Action: (14, 2)
2024-03-16 14:24:35,650 - INFO -   Simulated Environment - Next_states Distribution: {1: 1, 2: 1, 5: 2, 6: 1, 7: 1, 8: 1, 9: 1, 10: 2, 13: 1}
2024-03-16 14:24:35,650 - INFO -   Simulated Environment - Rewards Distribution: {0.0: 11}
2024-03-16 14:24:35,650 - INFO -   Simulated Environment - Dones Distribution: True - 3, False - 8
2024-03-16 14:24:35,650 - INFO - Simulated Environment - State-Action: (14, 3)
2024-03-16 14:24:35,650 - INFO -   Simulated Environment - Next_states Distribution: {3: 2, 5: 1, 6: 1, 7: 1, 9: 1, 10: 2, 13: 1}
2024-03-16 14:24:35,650 - INFO -   Simulated Environment - Rewards Distribution: {0.0: 9}
2024-03-16 14:24:35,650 - INFO -   Simulated Environment - Dones Distribution: True - 2, False - 7
