2024-02-11 19:12:21,538 - INFO - Environment: FrozenLake-v1
2024-02-11 19:12:21,538 - INFO - Observation Space: Discrete(16)
2024-02-11 19:12:21,538 - INFO - Action Space: Discrete(4)
2024-02-11 19:12:22,467 - INFO - Tuples saved to ./data/sampled_tuples/sampled_tuples_FrozenLake-v1.pkl
2024-02-11 19:12:22,467 - INFO - Simulated 10000 episodes.
2024-02-11 19:13:46,572 - INFO - Environment: FrozenLake-v1
2024-02-11 19:13:46,574 - INFO - Observation Space: Discrete(16)
2024-02-11 19:13:46,574 - INFO - Action Space: Discrete(4)
2024-02-11 19:14:03,132 - INFO - Environment: FrozenLake-v1
2024-02-11 19:14:03,132 - INFO - Observation Space: Discrete(16)
2024-02-11 19:14:03,132 - INFO - Action Space: Discrete(4)
2024-02-11 19:14:04,122 - INFO - Tuples saved to ./data/sampled_tuples/sampled_tuples_FrozenLake-v1.pkl
2024-02-11 19:14:04,122 - INFO - Summary Statistics:
2024-02-11 19:14:04,122 - INFO - Environment: FrozenLake-v1
2024-02-11 19:14:04,122 - INFO - Average Reward: 0.0132
2024-02-11 19:14:04,122 - INFO - Total Episodes: 10000
2024-02-11 19:14:04,122 - INFO - Total Dones: 10000
2024-02-11 19:14:04,122 - INFO - Reward Distribution: {0: 76355, 1: 132}
2024-02-11 19:22:55,560 - INFO - Environment: FrozenLake-v1
2024-02-11 19:22:55,560 - INFO - Observation Space: Discrete(16)
2024-02-11 19:22:55,560 - INFO - Action Space: Discrete(4)
2024-02-11 19:23:11,048 - INFO - Environment: FrozenLake-v1
2024-02-11 19:23:11,048 - INFO - Observation Space: Discrete(16)
2024-02-11 19:23:11,048 - INFO - Action Space: Discrete(4)
2024-02-11 19:23:12,867 - INFO - Tuples saved to ./data/sampled_tuples/sampled_tuples_FrozenLake-v1.pkl
2024-02-11 19:23:34,219 - INFO - Dataset saved at ./data/sampled_tuples/sampled_tuples_dataset_FrozenLake-v1.pt
2024-02-11 19:33:13,371 - INFO - Environment: FrozenLake-v1
2024-02-11 19:33:13,371 - INFO - Observation Space: Discrete(16)
2024-02-11 19:33:13,371 - INFO - Action Space: Discrete(4)
2024-02-11 19:33:14,248 - INFO - Tuples saved to ./data/sampled_tuples/sampled_tuples_FrozenLake-v1.pkl
2024-02-11 19:33:14,248 - INFO - Summary Statistics:
2024-02-11 19:33:14,248 - INFO - Environment: FrozenLake-v1
2024-02-11 19:33:14,248 - INFO - Average Reward: 0.0155
2024-02-11 19:33:14,248 - INFO - Total Episodes: 10000
2024-02-11 19:33:14,248 - INFO - Total Dones: 10000
2024-02-11 19:33:14,248 - INFO - Reward Distribution: {0: 76719, 1: 155}
2024-02-11 19:54:01,676 - INFO - Tuples saved to ./data/simulated_tuples/simulated_tuples.pkl
2024-02-11 19:54:01,678 - INFO - Summary Statistics for Simulated Environment:
2024-02-11 19:54:01,678 - INFO - Average Reward: 4.729
2024-02-11 19:54:01,678 - INFO - Total Episodes: 1000
2024-02-11 19:54:01,678 - INFO - Total Dones: 1000
2024-02-11 19:54:01,678 - INFO - Reward Distribution: {0: 0, 1: 4729}
2024-02-11 19:54:46,011 - INFO - Tuples saved to ./data/simulated_tuples/simulated_tuples.pkl
2024-02-11 19:54:46,013 - INFO - Summary Statistics for Simulated Environment:
2024-02-11 19:54:46,013 - INFO - Average Reward: 5.438
2024-02-11 19:54:46,013 - INFO - Total Episodes: 1000
2024-02-11 19:54:46,013 - INFO - Total Dones: 1000
2024-02-11 19:54:46,013 - INFO - Reward Distribution: {0: 0, 1: 5438}
2024-02-11 20:04:20,045 - INFO - Environment: CartPole-v1
2024-02-11 20:04:20,045 - INFO - Observation Space: Box([-4.8000002e+00 -3.4028235e+38 -4.1887903e-01 -3.4028235e+38], [4.8000002e+00 3.4028235e+38 4.1887903e-01 3.4028235e+38], (4,), float32)
2024-02-11 20:04:20,045 - INFO - Action Space: Discrete(2)
2024-02-11 20:04:23,188 - INFO - Tuples saved to ./data/sampled_tuples/sampled_tuples_CartPole-v1.pkl
2024-02-11 20:04:23,189 - INFO - Skipping dataset creation due to non-discrete observation/action spaces.
2024-02-11 21:18:43,093 - INFO - Tuples saved to ./data/simulated_tuples/simulated_tuples_CartPole-v1.pkl
2024-02-11 21:18:43,097 - INFO - Summary Statistics for Simulated Environment:
2024-02-11 21:18:43,097 - INFO - Average Reward: 19.784
2024-02-11 21:18:43,097 - INFO - Total Episodes: 1000
2024-02-11 21:18:43,097 - INFO - Total Dones: 1000
2024-02-11 21:18:43,097 - INFO - Reward Distribution: {0: 59, 1: 19784}
